<?xml version="1.0" encoding="UTF-8" standalone="yes"?><!DOCTYPE report PUBLIC "-//JACOCO//DTD Report 1.1//EN" "report.dtd"><report name="device-manager"><sessioninfo id="runnervmvrwv9-ff79f4bc" start="1786429685910" dump="1786429695409"/><package name="com/devicemanager/service"><class name="com/devicemanager/service/StorageService" sourcefilename="StorageService.java"/><class name="com/devicemanager/service/LocalStorageService$StoredObjectBytes" sourcefilename="LocalStorageService.java"><method name="&lt;init&gt;" desc="([BLjava/lang/String;Ljava/lang/Long;)V" line="218"><counter type="INSTRUCTION" missed="2" covered="19"/><counter type="BRANCH" missed="1" covered="1"/><counter type="LINE" missed="0" covered="3"/><counter type="COMPLEXITY" missed="1" covered="1"/><counter type="METHOD" missed="0" covered="1"/></method><method name="data" desc="()[B" line="224"><counter type="INSTRUCTION" missed="2" covered="10"/><counter type="BRANCH" missed="1" covered="1"/><counter type="LINE" missed="0" covered="1"/><counter type="COMPLEXITY" missed="1" covered="1"/><counter type="METHOD" missed="0" covered="1"/></method><counter type="INSTRUCTION" missed="4" covered="29"/><counter type="BRANCH" missed="2" covered="2"/><counter type="LINE" missed="0" covered="4"/><counter type="COMPLEXITY" missed="2" covered="2"/><counter type="METHOD" missed="0" covered="2"/><counter type="CLASS" missed="0" covered="1"/></class><class name="com/devicemanager/service/AuthService" sourcefilename="AuthService.java"><method name="login" desc="(Lcom/devicemanager/dto/LoginRequest;)Lcom/devicemanager/service/AuthService$AuthSession;" line="56"><counter type="INSTRUCTION" missed="3" covered="85"/><counter type="BRANCH" missed="2" covered="6"/><counter type="LINE" missed="0" covered="16"/><counter type="COMPLEXITY" missed="2" covered="3"/><counter type="METHOD" missed="0" covered="1"/></method><method name="refresh" desc="(Ljava/lang/String;)Lcom/devicemanager/service/AuthService$AuthSession;" line="86"><counter type="INSTRUCTION" missed="17" covered="0"/><counter type="LINE" missed="4" covered="0"/><counter type="COMPLEXITY" missed="1" covered="0"/><counter type="METHOD" missed="1" covered="0"/></method><method name="logout" desc="(Ljava/lang/String;)V" line="99"><counter type="INSTRUCTION" missed="19" covered="0"/><counter type="BRANCH" missed="4" covered="0"/><counter type="LINE" missed="5" covered="0"/><counter type="COMPLEXITY" missed="3" covered="0"/><counter type="METHOD" missed="1" covered="0"/></method><method name="changePassword" desc="(Ljava/lang/String;Lcom/devicemanager/dto/ChangePasswordRequest;)V" line="117"><counter type="INSTRUCTION" missed="56" covered="0"/><counter type="BRANCH" missed="4" covered="0"/><counter type="LINE" missed="11" covered="0"/><counter type="COMPLEXITY" missed="3" covered="0"/><counter type="METHOD" missed="1" covered="0"/></method><method name="issueSession" desc="(Lcom/devicemanager/entity/User;)Lcom/devicemanager/service/AuthService$AuthSession;" line="133"><counter type="INSTRUCTION" missed="2" covered="100"/><counter type="BRANCH" missed="2" covered="2"/><counter type="LINE" missed="0" covered="26"/><counter type="COMPLEXITY" missed="2" covered="1"/><counter type="METHOD" missed="0" covered="1"/></method><method name="requireActiveRefreshToken" desc="(Ljava/lang/String;)Lcom/devicemanager/entity/RefreshToken;" line="164"><counter type="INSTRUCTION" missed="45" covered="0"/><counter type="BRANCH" missed="6" covered="0"/><counter type="LINE" missed="10" covered="0"/><counter type="COMPLEXITY" missed="4" covered="0"/><counter type="METHOD" missed="1" covered="0"/></method><method name="resolveLoginAtelierId" desc="(Lcom/devicemanager/entity/User;Ljava/util/List;)Ljava/lang/Long;" line="185"><counter type="INSTRUCTION" missed="2" covered="28"/><counter type="BRANCH" missed="1" covered="7"/><counter type="LINE" missed="1" covered="6"/><counter type="COMPLEXITY" missed="1" covered="4"/><counter type="METHOD" missed="0" covered="1"/></method><method name="lambda$resolveLoginAtelierId$3" desc="(Ljava/lang/Long;Lcom/devicemanager/dto/AtelierSummary;)Z" line="190"><counter type="INSTRUCTION" missed="0" covered="5"/><counter type="LINE" missed="0" covered="1"/><counter type="COMPLEXITY" missed="0" covered="1"/><counter type="METHOD" missed="0" covered="1"/></method><method name="lambda$requireActiveRefreshToken$2" desc="()Lorg/springframework/web/server/ResponseStatusException;" line="170"><counter type="INSTRUCTION" missed="6" covered="0"/><counter type="LINE" missed="1" covered="0"/><counter type="COMPLEXITY" missed="1" covered="0"/><counter type="METHOD" missed="1" covered="0"/></method><method name="lambda$changePassword$1" desc="()Lorg/springframework/web/server/ResponseStatusException;" line="118"><counter type="INSTRUCTION" missed="6" covered="0"/><counter type="LINE" missed="1" covered="0"/><counter type="COMPLEXITY" missed="1" covered="0"/><counter type="METHOD" missed="1" covered="0"/></method><method name="lambda$logout$0" desc="(Lcom/devicemanager/entity/RefreshToken;)V" line="104"><counter type="INSTRUCTION" missed="9" covered="0"/><counter type="LINE" missed="3" covered="0"/><counter type="COMPLEXITY" missed="1" covered="0"/><counter type="METHOD" missed="1" covered="0"/></method><method name="&lt;clinit&gt;" desc="()V" line="32"><counter type="INSTRUCTION" missed="0" covered="4"/><counter type="LINE" missed="0" covered="1"/><counter type="COMPLEXITY" missed="0" covered="1"/><counter type="METHOD" missed="0" covered="1"/></method><counter type="INSTRUCTION" missed="165" covered="222"/><counter type="BRANCH" missed="19" covered="15"/><counter type="LINE" missed="34" covered="49"/><counter type="COMPLEXITY" missed="19" covered="10"/><counter type="METHOD" missed="7" covered="5"/><counter type="CLASS" missed="0" covered="1"/></class><class name="com/devicemanager/service/AppSettingsService" sourcefilename="AppSettingsService.java"><method name="initDefaults" desc="()V" line="140"><counter type="INSTRUCTION" missed="172" covered="0"/><counter type="LINE" missed="25" covered="0"/><counter type="COMPLEXITY" missed="1" covered="0"/><counter type="METHOD" missed="1" covered="0"/></method><method name="ensurePrivacyDefaults" desc="()V" line="175"><counter type="INSTRUCTION" missed="71" covered="0"/><counter type="LINE" missed="11" covered="0"/><counter type="COMPLEXITY" missed="1" covered="0"/><counter type="METHOD" missed="1" covered="0"/></method><method name="publicPrivacyValues" desc="()Ljava/util/Map;" line="202"><counter type="INSTRUCTION" missed="25" covered="0"/><counter type="BRANCH" missed="2" covered="0"/><counter type="LINE" missed="5" covered="0"/><counter type="COMPLEXITY" missed="2" covered="0"/><counter type="METHOD" missed="1" covered="0"/></method><method name="migrateLegacyGeminiModel" desc="()V" line="214"><counter type="INSTRUCTION" missed="100" covered="0"/><counter type="BRANCH" missed="17" covered="0"/><counter type="LINE" missed="18" covered="0"/><counter type="COMPLEXITY" missed="10" covered="0"/><counter type="METHOD" missed="1" covered="0"/></method><method name="firstNonBlank" desc="([Ljava/lang/String;)Ljava/lang/String;" line="244"><counter type="INSTRUCTION" missed="30" covered="0"/><counter type="BRANCH" missed="8" covered="0"/><counter type="LINE" missed="6" covered="0"/><counter type="COMPLEXITY" missed="5" covered="0"/><counter type="METHOD" missed="1" covered="0"/></method><method name="list" desc="()Ljava/util/List;" line="262"><counter type="INSTRUCTION" missed="0" covered="11"/><counter type="LINE" missed="0" covered="4"/><counter type="COMPLEXITY" missed="0" covered="1"/><counter type="METHOD" missed="0" covered="1"/></method><method name="update" desc="(Lcom/devicemanager/dto/AppSettingsUpdateRequest;)Ljava/util/List;" line="275"><counter type="INSTRUCTION" missed="77" covered="0"/><counter type="BRANCH" missed="16" covered="0"/><counter type="LINE" missed="17" covered="0"/><counter type="COMPLEXITY" missed="9" covered="0"/><counter type="METHOD" missed="1" covered="0"/></method><method name="get" desc="(Ljava/lang/String;Ljava/lang/String;)Ljava/lang/String;" line="305"><counter type="INSTRUCTION" missed="0" covered="15"/><counter type="BRANCH" missed="1" covered="3"/><counter type="LINE" missed="0" covered="4"/><counter type="COMPLEXITY" missed="1" covered="2"/><counter type="METHOD" missed="0" covered="1"/></method><method name="getBoolean" desc="(Ljava/lang/String;Z)Z" line="320"><counter type="INSTRUCTION" missed="3" covered="24"/><counter type="BRANCH" missed="5" covered="5"/><counter type="LINE" missed="1" covered="3"/><counter type="COMPLEXITY" missed="5" covered="1"/><counter type="METHOD" missed="0" covered="1"/></method><method name="getLong" desc="(Ljava/lang/String;J)J" line="336"><counter type="INSTRUCTION" missed="3" covered="7"/><counter type="LINE" missed="2" covered="1"/><counter type="COMPLEXITY" missed="0" covered="1"/><counter type="METHOD" missed="0" covered="1"/></method><method name="ensure" desc="(Ljava/lang/String;Ljava/lang/String;Ljava/lang/String;Ljava/lang/String;Z)V" line="343"><counter type="INSTRUCTION" missed="27" covered="0"/><counter type="BRANCH" missed="4" covered="0"/><counter type="LINE" missed="10" covered="0"/><counter type="COMPLEXITY" missed="3" covered="0"/><counter type="METHOD" missed="1" covered="0"/></method><method name="reloadCache" desc="()V" line="356"><counter type="INSTRUCTION" missed="2" covered="35"/><counter type="BRANCH" missed="1" covered="3"/><counter type="LINE" missed="0" covered="7"/><counter type="COMPLEXITY" missed="1" covered="2"/><counter type="METHOD" missed="0" covered="1"/></method><method name="toResponse" desc="(Lcom/devicemanager/entity/AppSetting;)Lcom/devicemanager/dto/AppSettingResponse;" line="365"><counter type="INSTRUCTION" missed="2" covered="31"/><counter type="BRANCH" missed="3" covered="3"/><counter type="LINE" missed="0" covered="10"/><counter type="COMPLEXITY" missed="3" covered="1"/><counter type="METHOD" missed="0" covered="1"/></method><method name="lambda$list$0" desc="(Lcom/devicemanager/entity/AppSetting;)Z" line="263"><counter type="INSTRUCTION" missed="1" covered="8"/><counter type="BRANCH" missed="1" covered="1"/><counter type="LINE" missed="0" covered="1"/><counter type="COMPLEXITY" missed="1" covered="1"/><counter type="METHOD" missed="0" covered="1"/></method><method name="&lt;clinit&gt;" desc="()V" line="31"><counter type="INSTRUCTION" missed="0" covered="16"/><counter type="LINE" missed="0" covered="2"/><counter type="COMPLEXITY" missed="0" covered="1"/><counter type="METHOD" missed="0" covered="1"/></method><counter type="INSTRUCTION" missed="513" covered="147"/><counter type="BRANCH" missed="58" covered="15"/><counter type="LINE" missed="95" covered="31"/><counter type="COMPLEXITY" missed="42" covered="10"/><counter type="METHOD" missed="7" covered="8"/><counter type="CLASS" missed="0" covered="1"/></class><class name="com/devicemanager/service/DeviceService" sourcefilename="DeviceService.java"><method name="findAll" desc="(Ljava/lang/String;)Ljava/util/List;" line="59"><counter type="INSTRUCTION" missed="0" covered="59"/><counter type="BRANCH" missed="1" covered="5"/><counter type="LINE" missed="0" covered="14"/><counter type="COMPLEXITY" missed="1" covered="3"/><counter type="METHOD" missed="0" covered="1"/></method><method name="matchesAllSearchTokens" desc="(Lcom/devicemanager/entity/Device;[Ljava/lang/String;)Z" line="81"><counter type="INSTRUCTION" missed="6" covered="125"/><counter type="BRANCH" missed="8" covered="12"/><counter type="LINE" missed="0" covered="17"/><counter type="COMPLEXITY" missed="8" covered="3"/><counter type="METHOD" missed="0" covered="1"/></method><method name="nullToEmpty" desc="(Ljava/lang/String;)Ljava/lang/String;" line="103"><counter type="INSTRUCTION" missed="2" covered="4"/><counter type="BRANCH" missed="1" covered="1"/><counter type="LINE" missed="0" covered="1"/><counter type="COMPLEXITY" missed="1" covered="1"/><counter type="METHOD" missed="0" covered="1"/></method><method name="findById" desc="(Ljava/lang/Long;)Lcom/devicemanager/dto/DeviceResponse;" line="115"><counter type="INSTRUCTION" missed="0" covered="6"/><counter type="LINE" missed="0" covered="1"/><counter type="COMPLEXITY" missed="0" covered="1"/><counter type="METHOD" missed="0" covered="1"/></method><method name="create" desc="(Lcom/devicemanager/dto/DeviceRequest;Ljava/util/List;)Lcom/devicemanager/dto/DeviceResponse;" line="128"><counter type="INSTRUCTION" missed="0" covered="148"/><counter type="BRANCH" missed="1" covered="5"/><counter type="LINE" missed="0" covered="32"/><counter type="COMPLEXITY" missed="1" covered="3"/><counter type="METHOD" missed="0" covered="1"/></method><method name="updateStock" desc="(Ljava/lang/Long;Ljava/lang/Integer;)Lcom/devicemanager/dto/DeviceResponse;" line="176"><counter type="INSTRUCTION" missed="26" covered="0"/><counter type="LINE" missed="5" covered="0"/><counter type="COMPLEXITY" missed="1" covered="0"/><counter type="METHOD" missed="1" covered="0"/></method><method name="update" desc="(Ljava/lang/Long;Lcom/devicemanager/dto/DeviceRequest;Ljava/util/List;)Lcom/devicemanager/dto/DeviceResponse;" line="194"><counter type="INSTRUCTION" missed="275" covered="0"/><counter type="BRANCH" missed="22" covered="0"/><counter type="LINE" missed="58" covered="0"/><counter type="COMPLEXITY" missed="12" covered="0"/><counter type="METHOD" missed="1" covered="0"/></method><method name="delete" desc="(Ljava/lang/Long;)V" line="273"><counter type="INSTRUCTION" missed="6" covered="74"/><counter type="BRANCH" missed="4" covered="6"/><counter type="LINE" missed="1" covered="13"/><counter type="COMPLEXITY" missed="4" covered="2"/><counter type="METHOD" missed="0" covered="1"/></method><method name="addNewPhotos" desc="(Lcom/devicemanager/entity/Device;Ljava/util/List;)V" line="292"><counter type="INSTRUCTION" missed="0" covered="52"/><counter type="BRANCH" missed="0" covered="2"/><counter type="LINE" missed="0" covered="15"/><counter type="COMPLEXITY" missed="0" covered="2"/><counter type="METHOD" missed="0" covered="1"/></method><method name="syncPrimaryPhoto" desc="(Lcom/devicemanager/entity/Device;)V" line="309"><counter type="INSTRUCTION" missed="13" covered="29"/><counter type="BRANCH" missed="2" covered="2"/><counter type="LINE" missed="5" covered="7"/><counter type="COMPLEXITY" missed="2" covered="1"/><counter type="METHOD" missed="0" covered="1"/></method><method name="normalizeFiles" desc="(Ljava/util/List;)Ljava/util/List;" line="324"><counter type="INSTRUCTION" missed="2" covered="10"/><counter type="BRANCH" missed="1" covered="1"/><counter type="LINE" missed="1" covered="5"/><counter type="COMPLEXITY" missed="1" covered="1"/><counter type="METHOD" missed="0" covered="1"/></method><method name="ensurePhotoCount" desc="(IZ)V" line="334"><counter type="INSTRUCTION" missed="0" covered="21"/><counter type="BRANCH" missed="1" covered="5"/><counter type="LINE" missed="0" covered="5"/><counter type="COMPLEXITY" missed="1" covered="3"/><counter type="METHOD" missed="0" covered="1"/></method><method name="validateImageFile" desc="(Lorg/springframework/web/multipart/MultipartFile;)V" line="344"><counter type="INSTRUCTION" missed="0" covered="16"/><counter type="BRANCH" missed="1" covered="3"/><counter type="LINE" missed="0" covered="4"/><counter type="COMPLEXITY" missed="1" covered="2"/><counter type="METHOD" missed="0" covered="1"/></method><method name="getEntity" desc="(Ljava/lang/Long;)Lcom/devicemanager/entity/Device;" line="351"><counter type="INSTRUCTION" missed="0" covered="19"/><counter type="LINE" missed="0" covered="5"/><counter type="COMPLEXITY" missed="0" covered="1"/><counter type="METHOD" missed="0" covered="1"/></method><method name="ensureUniqueNom" desc="(Ljava/lang/String;Ljava/lang/Long;Ljava/lang/Long;)V" line="359"><counter type="INSTRUCTION" missed="6" covered="18"/><counter type="BRANCH" missed="1" covered="3"/><counter type="LINE" missed="0" covered="6"/><counter type="COMPLEXITY" missed="1" covered="2"/><counter type="METHOD" missed="0" covered="1"/></method><method name="ensureUniqueReference" desc="(Ljava/lang/String;Ljava/lang/Long;Ljava/lang/Long;)V" line="368"><counter type="INSTRUCTION" missed="6" covered="24"/><counter type="BRANCH" missed="2" covered="6"/><counter type="LINE" missed="0" covered="8"/><counter type="COMPLEXITY" missed="2" covered="3"/><counter type="METHOD" missed="0" covered="1"/></method><method name="normalizeOptionalText" desc="(Ljava/lang/String;)Ljava/lang/String;" line="380"><counter type="INSTRUCTION" missed="2" covered="12"/><counter type="BRANCH" missed="1" covered="3"/><counter type="LINE" missed="0" covered="4"/><counter type="COMPLEXITY" missed="1" covered="2"/><counter type="METHOD" missed="0" covered="1"/></method><method name="resolveOptionalSfm" desc="(Ljava/lang/Long;)Lcom/devicemanager/entity/Sfm;" line="388"><counter type="INSTRUCTION" missed="0" covered="9"/><counter type="BRANCH" missed="0" covered="2"/><counter type="LINE" missed="0" covered="3"/><counter type="COMPLEXITY" missed="0" covered="2"/><counter type="METHOD" missed="0" covered="1"/></method><method name="resolveOptionalMas" desc="(Ljava/lang/Long;)Lcom/devicemanager/entity/Mas;" line="395"><counter type="INSTRUCTION" missed="0" covered="9"/><counter type="BRANCH" missed="0" covered="2"/><counter type="LINE" missed="0" covered="3"/><counter type="COMPLEXITY" missed="0" covered="2"/><counter type="METHOD" missed="0" covered="1"/></method><method name="inheritMarqueFromMas" desc="(Lcom/devicemanager/entity/Mas;)Lcom/devicemanager/entity/MarqueMas;" line="402"><counter type="INSTRUCTION" missed="6" covered="6"/><counter type="BRANCH" missed="1" covered="1"/><counter type="LINE" missed="1" covered="2"/><counter type="COMPLEXITY" missed="1" covered="1"/><counter type="METHOD" missed="0" covered="1"/></method><method name="ensureSfmCoversMas" desc="(Lcom/devicemanager/entity/Sfm;Lcom/devicemanager/entity/Mas;)V" line="409"><counter type="INSTRUCTION" missed="18" covered="24"/><counter type="BRANCH" missed="4" covered="4"/><counter type="LINE" missed="3" covered="7"/><counter type="COMPLEXITY" missed="4" covered="1"/><counter type="METHOD" missed="0" covered="1"/></method><method name="normalizeStock" desc="(Ljava/lang/Integer;)I" line="426"><counter type="INSTRUCTION" missed="5" covered="4"/><counter type="BRANCH" missed="1" covered="1"/><counter type="LINE" missed="1" covered="2"/><counter type="COMPLEXITY" missed="1" covered="1"/><counter type="METHOD" missed="0" covered="1"/></method><method name="toResponse" desc="(Lcom/devicemanager/entity/Device;)Lcom/devicemanager/dto/DeviceResponse;" line="433"><counter type="INSTRUCTION" missed="13" covered="128"/><counter type="BRANCH" missed="7" covered="23"/><counter type="LINE" missed="3" covered="31"/><counter type="COMPLEXITY" missed="6" covered="10"/><counter type="METHOD" missed="0" covered="1"/></method><method name="lambda$toResponse$11" desc="(Lcom/devicemanager/entity/DevicePhoto;)Lcom/devicemanager/dto/DevicePhotoResponse;" line="443"><counter type="INSTRUCTION" missed="0" covered="18"/><counter type="LINE" missed="0" covered="7"/><counter type="COMPLEXITY" missed="0" covered="1"/><counter type="METHOD" missed="0" covered="1"/></method><method name="lambda$ensureSfmCoversMas$10" desc="(Ljava/lang/Long;Lcom/devicemanager/entity/MarqueMas;)Z" line="418"><counter type="INSTRUCTION" missed="0" covered="5"/><counter type="LINE" missed="0" covered="1"/><counter type="COMPLEXITY" missed="0" covered="1"/><counter type="METHOD" missed="0" covered="1"/></method><method name="lambda$getEntity$9" desc="()Lorg/springframework/web/server/ResponseStatusException;" line="353"><counter type="INSTRUCTION" missed="0" covered="6"/><counter type="LINE" missed="0" covered="1"/><counter type="COMPLEXITY" missed="0" covered="1"/><counter type="METHOD" missed="0" covered="1"/></method><method name="lambda$normalizeFiles$8" desc="(Lorg/springframework/web/multipart/MultipartFile;)Z" line="329"><counter type="INSTRUCTION" missed="1" covered="6"/><counter type="BRANCH" missed="1" covered="1"/><counter type="LINE" missed="0" covered="1"/><counter type="COMPLEXITY" missed="1" covered="1"/><counter type="METHOD" missed="0" covered="1"/></method><method name="lambda$delete$7" desc="(Lcom/devicemanager/entity/Device;Lcom/devicemanager/entity/DevicePhoto;)Z" line="283"><counter type="INSTRUCTION" missed="0" covered="6"/><counter type="LINE" missed="0" covered="1"/><counter type="COMPLEXITY" missed="0" covered="1"/><counter type="METHOD" missed="0" covered="1"/></method><method name="lambda$update$6" desc="(Lcom/devicemanager/entity/DevicePhoto;Lcom/devicemanager/entity/DevicePhoto;)Lcom/devicemanager/entity/DevicePhoto;" line="224"><counter type="INSTRUCTION" missed="2" covered="0"/><counter type="LINE" missed="1" covered="0"/><counter type="COMPLEXITY" missed="1" covered="0"/><counter type="METHOD" missed="1" covered="0"/></method><method name="lambda$update$5" desc="(Lcom/devicemanager/entity/DevicePhoto;)Lcom/devicemanager/entity/DevicePhoto;" line="224"><counter type="INSTRUCTION" missed="2" covered="0"/><counter type="LINE" missed="1" covered="0"/><counter type="COMPLEXITY" missed="1" covered="0"/><counter type="METHOD" missed="1" covered="0"/></method><method name="lambda$update$4" desc="(Lcom/devicemanager/entity/DevicePhoto;)Z" line="223"><counter type="INSTRUCTION" missed="7" covered="0"/><counter type="BRANCH" missed="2" covered="0"/><counter type="LINE" missed="1" covered="0"/><counter type="COMPLEXITY" missed="2" covered="0"/><counter type="METHOD" missed="1" covered="0"/></method><method name="lambda$findAll$3" desc="(Lcom/devicemanager/entity/Device;)V" line="75"><counter type="INSTRUCTION" missed="0" covered="4"/><counter type="LINE" missed="0" covered="1"/><counter type="COMPLEXITY" missed="0" covered="1"/><counter type="METHOD" missed="0" covered="1"/></method><method name="lambda$findAll$2" desc="([Ljava/lang/String;Lcom/devicemanager/entity/Device;)Z" line="71"><counter type="INSTRUCTION" missed="0" covered="5"/><counter type="LINE" missed="0" covered="1"/><counter type="COMPLEXITY" missed="0" covered="1"/><counter type="METHOD" missed="0" covered="1"/></method><method name="lambda$findAll$1" desc="(I)[Ljava/lang/String;" line="67"><counter type="INSTRUCTION" missed="0" covered="3"/><counter type="LINE" missed="0" covered="1"/><counter type="COMPLEXITY" missed="0" covered="1"/><counter type="METHOD" missed="0" covered="1"/></method><method name="lambda$findAll$0" desc="(Ljava/lang/String;)Z" line="66"><counter type="INSTRUCTION" missed="1" covered="6"/><counter type="BRANCH" missed="1" covered="1"/><counter type="LINE" missed="0" covered="1"/><counter type="COMPLEXITY" missed="1" covered="1"/><counter type="METHOD" missed="0" covered="1"/></method><method name="&lt;clinit&gt;" desc="()V" line="38"><counter type="INSTRUCTION" missed="0" covered="4"/><counter type="LINE" missed="0" covered="1"/><counter type="COMPLEXITY" missed="0" covered="1"/><counter type="METHOD" missed="0" covered="1"/></method><counter type="INSTRUCTION" missed="399" covered="860"/><counter type="BRANCH" missed="63" covered="89"/><counter type="LINE" missed="78" covered="192"/><counter type="COMPLEXITY" missed="55" covered="57"/><counter type="METHOD" missed="5" covered="31"/><counter type="CLASS" missed="0" covered="1"/></class><class name="com/devicemanager/service/OrderRequestService" sourcefilename="OrderRequestService.java"><method name="create" desc="(Lcom/devicemanager/dto/OrderRequestDto;Ljava/lang/String;)Lcom/devicemanager/dto/OrderRequestResponse;" line="64"><counter type="INSTRUCTION" missed="8" covered="170"/><counter type="BRANCH" missed="1" covered="7"/><counter type="LINE" missed="2" covered="39"/><counter type="COMPLEXITY" missed="1" covered="4"/><counter type="METHOD" missed="0" covered="1"/></method><method name="validate" desc="(Ljava/lang/Long;Ljava/lang/String;)Lcom/devicemanager/dto/OrderRequestResponse;" line="126"><counter type="INSTRUCTION" missed="56" covered="144"/><counter type="BRANCH" missed="4" covered="10"/><counter type="LINE" missed="9" covered="31"/><counter type="COMPLEXITY" missed="4" covered="4"/><counter type="METHOD" missed="0" covered="1"/></method><method name="update" desc="(Ljava/lang/Long;Lcom/devicemanager/dto/OrderRequestDto;Ljava/lang/String;)Lcom/devicemanager/dto/OrderRequestResponse;" line="191"><counter type="INSTRUCTION" missed="6" covered="50"/><counter type="BRANCH" missed="3" covered="3"/><counter type="LINE" missed="1" covered="10"/><counter type="COMPLEXITY" missed="3" covered="1"/><counter type="METHOD" missed="0" covered="1"/></method><method name="receive" desc="(Ljava/lang/Long;Lcom/devicemanager/dto/OrderRequestDto;Ljava/lang/String;)Lcom/devicemanager/dto/OrderRequestResponse;" line="220"><counter type="INSTRUCTION" missed="50" covered="140"/><counter type="BRANCH" missed="15" covered="11"/><counter type="LINE" missed="8" covered="23"/><counter type="COMPLEXITY" missed="11" covered="3"/><counter type="METHOD" missed="0" covered="1"/></method><method name="delete" desc="(Ljava/lang/Long;Ljava/lang/String;)V" line="280"><counter type="INSTRUCTION" missed="0" covered="46"/><counter type="BRANCH" missed="0" covered="2"/><counter type="LINE" missed="0" covered="8"/><counter type="COMPLEXITY" missed="0" covered="2"/><counter type="METHOD" missed="0" covered="1"/></method><method name="replaceLines" desc="(Lcom/devicemanager/entity/Commande;Lcom/devicemanager/dto/OrderRequestDto;Ljava/lang/Long;)V" line="293"><counter type="INSTRUCTION" missed="6" covered="68"/><counter type="BRANCH" missed="2" covered="6"/><counter type="LINE" missed="1" covered="15"/><counter type="COMPLEXITY" missed="2" covered="3"/><counter type="METHOD" missed="0" covered="1"/></method><method name="findAll" desc="()Ljava/util/List;" line="321"><counter type="INSTRUCTION" missed="0" covered="15"/><counter type="LINE" missed="0" covered="4"/><counter type="COMPLEXITY" missed="0" covered="1"/><counter type="METHOD" missed="0" covered="1"/></method><method name="countPending" desc="()J" line="334"><counter type="INSTRUCTION" missed="13" covered="0"/><counter type="LINE" missed="3" covered="0"/><counter type="COMPLEXITY" missed="1" covered="0"/><counter type="METHOD" missed="1" covered="0"/></method><method name="previewCreateMails" desc="(Lcom/devicemanager/dto/OrderRequestDto;Ljava/lang/String;)Ljava/util/List;" line="349"><counter type="INSTRUCTION" missed="192" covered="0"/><counter type="BRANCH" missed="16" covered="0"/><counter type="LINE" missed="48" covered="0"/><counter type="COMPLEXITY" missed="9" covered="0"/><counter type="METHOD" missed="1" covered="0"/></method><method name="previewSfmMails" desc="(Ljava/lang/Long;Ljava/lang/String;)Ljava/util/List;" line="417"><counter type="INSTRUCTION" missed="27" covered="0"/><counter type="LINE" missed="5" covered="0"/><counter type="COMPLEXITY" missed="1" covered="0"/><counter type="METHOD" missed="1" covered="0"/></method><method name="buildSfmMailPreviews" desc="(Lcom/devicemanager/entity/Commande;Lcom/devicemanager/entity/User;)Ljava/util/List;" line="425"><counter type="INSTRUCTION" missed="122" covered="0"/><counter type="BRANCH" missed="8" covered="0"/><counter type="LINE" missed="37" covered="0"/><counter type="COMPLEXITY" missed="5" covered="0"/><counter type="METHOD" missed="1" covered="0"/></method><method name="buildAdminNotificationBody" desc="(Lcom/devicemanager/entity/Commande;Lcom/devicemanager/entity/Atelier;Ljava/util/Map;Ljava/util/List;)Ljava/lang/String;" line="472"><counter type="INSTRUCTION" missed="6" covered="134"/><counter type="BRANCH" missed="4" covered="6"/><counter type="LINE" missed="2" covered="22"/><counter type="COMPLEXITY" missed="4" covered="2"/><counter type="METHOD" missed="0" covered="1"/></method><method name="buildSfmOrderMailSubject" desc="(Lcom/devicemanager/entity/Commande;)Ljava/lang/String;" line="527"><counter type="INSTRUCTION" missed="2" covered="7"/><counter type="BRANCH" missed="1" covered="1"/><counter type="LINE" missed="1" covered="2"/><counter type="COMPLEXITY" missed="1" covered="1"/><counter type="METHOD" missed="0" covered="1"/></method><method name="buildSfmOrderMailBody" desc="(Lcom/devicemanager/entity/Commande;Ljava/util/List;Lcom/devicemanager/entity/User;)Ljava/lang/String;" line="543"><counter type="INSTRUCTION" missed="1" covered="110"/><counter type="BRANCH" missed="3" covered="5"/><counter type="LINE" missed="0" covered="23"/><counter type="COMPLEXITY" missed="3" covered="2"/><counter type="METHOD" missed="0" covered="1"/></method><method name="resolveUserEmail" desc="(Lcom/devicemanager/entity/User;Ljava/lang/String;)Ljava/lang/String;" line="572"><counter type="INSTRUCTION" missed="2" covered="13"/><counter type="BRANCH" missed="3" covered="3"/><counter type="LINE" missed="1" covered="2"/><counter type="COMPLEXITY" missed="3" covered="1"/><counter type="METHOD" missed="0" covered="1"/></method><method name="groupLinesBySfm" desc="(Lcom/devicemanager/entity/Commande;)Ljava/util/Map;" line="579"><counter type="INSTRUCTION" missed="3" covered="42"/><counter type="BRANCH" missed="3" covered="5"/><counter type="LINE" missed="1" covered="8"/><counter type="COMPLEXITY" missed="3" covered="2"/><counter type="METHOD" missed="0" covered="1"/></method><method name="resolveSfmRecipients" desc="(Lcom/devicemanager/entity/Sfm;)Ljava/util/Set;" line="592"><counter type="INSTRUCTION" missed="31" covered="26"/><counter type="BRANCH" missed="12" covered="4"/><counter type="LINE" missed="7" covered="5"/><counter type="COMPLEXITY" missed="8" covered="1"/><counter type="METHOD" missed="0" covered="1"/></method><method name="toResponse" desc="(Lcom/devicemanager/entity/Commande;)Lcom/devicemanager/dto/OrderRequestResponse;" line="612"><counter type="INSTRUCTION" missed="8" covered="85"/><counter type="BRANCH" missed="6" covered="6"/><counter type="LINE" missed="1" covered="21"/><counter type="COMPLEXITY" missed="6" covered="1"/><counter type="METHOD" missed="0" covered="1"/></method><method name="toLineResponse" desc="(Lcom/devicemanager/entity/CommandeLigne;)Lcom/devicemanager/dto/OrderRequestLineResponse;" line="639"><counter type="INSTRUCTION" missed="7" covered="54"/><counter type="BRANCH" missed="7" covered="7"/><counter type="LINE" missed="0" covered="12"/><counter type="COMPLEXITY" missed="7" covered="1"/><counter type="METHOD" missed="0" covered="1"/></method><method name="displayUserName" desc="(Lcom/devicemanager/entity/User;)Ljava/lang/String;" line="654"><counter type="INSTRUCTION" missed="7" covered="24"/><counter type="BRANCH" missed="3" covered="3"/><counter type="LINE" missed="0" covered="4"/><counter type="COMPLEXITY" missed="3" covered="1"/><counter type="METHOD" missed="0" covered="1"/></method><method name="nullToEmpty" desc="(Ljava/lang/String;)Ljava/lang/String;" line="661"><counter type="INSTRUCTION" missed="2" covered="4"/><counter type="BRANCH" missed="1" covered="1"/><counter type="LINE" missed="0" covered="1"/><counter type="COMPLEXITY" missed="1" covered="1"/><counter type="METHOD" missed="0" covered="1"/></method><method name="lambda$groupLinesBySfm$13" desc="(Ljava/lang/Long;)Ljava/util/List;" line="586"><counter type="INSTRUCTION" missed="0" covered="4"/><counter type="LINE" missed="0" covered="1"/><counter type="COMPLEXITY" missed="0" covered="1"/><counter type="METHOD" missed="0" covered="1"/></method><method name="lambda$buildAdminNotificationBody$12" desc="(Ljava/lang/String;)Ljava/lang/String;" line="492"><counter type="INSTRUCTION" missed="0" covered="3"/><counter type="LINE" missed="0" covered="1"/><counter type="COMPLEXITY" missed="0" covered="1"/><counter type="METHOD" missed="0" covered="1"/></method><method name="lambda$previewSfmMails$11" desc="()Lorg/springframework/web/server/ResponseStatusException;" line="419"><counter type="INSTRUCTION" missed="6" covered="0"/><counter type="LINE" missed="1" covered="0"/><counter type="COMPLEXITY" missed="1" covered="0"/><counter type="METHOD" missed="1" covered="0"/></method><method name="lambda$previewCreateMails$10" desc="()Lorg/springframework/web/server/ResponseStatusException;" line="366"><counter type="INSTRUCTION" missed="6" covered="0"/><counter type="LINE" missed="1" covered="0"/><counter type="COMPLEXITY" missed="1" covered="0"/><counter type="METHOD" missed="1" covered="0"/></method><method name="lambda$previewCreateMails$9" desc="()Lorg/springframework/web/server/ResponseStatusException;" line="350"><counter type="INSTRUCTION" missed="6" covered="0"/><counter type="LINE" missed="1" covered="0"/><counter type="COMPLEXITY" missed="1" covered="0"/><counter type="METHOD" missed="1" covered="0"/></method><method name="lambda$replaceLines$8" desc="()Lorg/springframework/web/server/ResponseStatusException;" line="305"><counter type="INSTRUCTION" missed="6" covered="0"/><counter type="LINE" missed="1" covered="0"/><counter type="COMPLEXITY" missed="1" covered="0"/><counter type="METHOD" missed="1" covered="0"/></method><method name="lambda$delete$7" desc="()Lorg/springframework/web/server/ResponseStatusException;" line="282"><counter type="INSTRUCTION" missed="0" covered="6"/><counter type="LINE" missed="0" covered="1"/><counter type="COMPLEXITY" missed="0" covered="1"/><counter type="METHOD" missed="0" covered="1"/></method><method name="lambda$receive$6" desc="()Lorg/springframework/web/server/ResponseStatusException;" line="254"><counter type="INSTRUCTION" missed="6" covered="0"/><counter type="LINE" missed="1" covered="0"/><counter type="COMPLEXITY" missed="1" covered="0"/><counter type="METHOD" missed="1" covered="0"/></method><method name="lambda$receive$5" desc="()Lorg/springframework/web/server/ResponseStatusException;" line="222"><counter type="INSTRUCTION" missed="6" covered="0"/><counter type="LINE" missed="1" covered="0"/><counter type="COMPLEXITY" missed="1" covered="0"/><counter type="METHOD" missed="1" covered="0"/></method><method name="lambda$update$4" desc="()Lorg/springframework/web/server/ResponseStatusException;" line="193"><counter type="INSTRUCTION" missed="6" covered="0"/><counter type="LINE" missed="1" covered="0"/><counter type="COMPLEXITY" missed="1" covered="0"/><counter type="METHOD" missed="1" covered="0"/></method><method name="lambda$validate$3" desc="()Lorg/springframework/web/server/ResponseStatusException;" line="140"><counter type="INSTRUCTION" missed="6" covered="0"/><counter type="LINE" missed="1" covered="0"/><counter type="COMPLEXITY" missed="1" covered="0"/><counter type="METHOD" missed="1" covered="0"/></method><method name="lambda$validate$2" desc="()Lorg/springframework/web/server/ResponseStatusException;" line="128"><counter type="INSTRUCTION" missed="6" covered="0"/><counter type="LINE" missed="1" covered="0"/><counter type="COMPLEXITY" missed="1" covered="0"/><counter type="METHOD" missed="1" covered="0"/></method><method name="lambda$create$1" desc="()Lorg/springframework/web/server/ResponseStatusException;" line="92"><counter type="INSTRUCTION" missed="0" covered="6"/><counter type="LINE" missed="0" covered="1"/><counter type="COMPLEXITY" missed="0" covered="1"/><counter type="METHOD" missed="0" covered="1"/></method><method name="lambda$create$0" desc="()Lorg/springframework/web/server/ResponseStatusException;" line="65"><counter type="INSTRUCTION" missed="6" covered="0"/><counter type="LINE" missed="1" covered="0"/><counter type="COMPLEXITY" missed="1" covered="0"/><counter type="METHOD" missed="1" covered="0"/></method><method name="&lt;clinit&gt;" desc="()V" line="46"><counter type="INSTRUCTION" missed="0" covered="4"/><counter type="LINE" missed="0" covered="1"/><counter type="COMPLEXITY" missed="0" covered="1"/><counter type="METHOD" missed="0" covered="1"/></method><counter type="INSTRUCTION" missed="609" covered="1155"/><counter type="BRANCH" missed="92" covered="80"/><counter type="LINE" missed="127" covered="231"/><counter type="COMPLEXITY" missed="86" covered="36"/><counter type="METHOD" missed="14" covered="22"/><counter type="CLASS" missed="0" covered="1"/></class><class name="com/devicemanager/service/LocalStorageService" sourcefilename="LocalStorageService.java"><method name="&lt;init&gt;" desc="(Ljava/lang/String;Lorg/springframework/jdbc/core/JdbcTemplate;)V" line="43"><counter type="INSTRUCTION" missed="0" covered="16"/><counter type="LINE" missed="0" covered="5"/><counter type="COMPLEXITY" missed="0" covered="1"/><counter type="METHOD" missed="0" covered="1"/></method><method name="getRoot" desc="()Ljava/nio/file/Path;" line="55"><counter type="INSTRUCTION" missed="3" covered="0"/><counter type="LINE" missed="1" covered="0"/><counter type="COMPLEXITY" missed="1" covered="0"/><counter type="METHOD" missed="1" covered="0"/></method><method name="resolveWritableRoot" desc="(Ljava/lang/String;)Ljava/nio/file/Path;" line="59"><counter type="INSTRUCTION" missed="11" covered="80"/><counter type="BRANCH" missed="1" covered="1"/><counter type="LINE" missed="3" covered="13"/><counter type="COMPLEXITY" missed="1" covered="1"/><counter type="METHOD" missed="0" covered="1"/></method><method name="store" desc="(Lorg/springframework/web/multipart/MultipartFile;)Lcom/devicemanager/service/StorageService$StoredObject;" line="92"><counter type="INSTRUCTION" missed="7" covered="50"/><counter type="LINE" missed="2" covered="7"/><counter type="COMPLEXITY" missed="0" covered="1"/><counter type="METHOD" missed="0" covered="1"/></method><method name="delete" desc="(Ljava/lang/String;)V" line="113"><counter type="INSTRUCTION" missed="8" covered="22"/><counter type="BRANCH" missed="1" covered="1"/><counter type="LINE" missed="3" covered="5"/><counter type="COMPLEXITY" missed="1" covered="1"/><counter type="METHOD" missed="0" covered="1"/></method><method name="load" desc="(Ljava/lang/String;)Ljava/util/Optional;" line="132"><counter type="INSTRUCTION" missed="3" covered="54"/><counter type="BRANCH" missed="1" covered="7"/><counter type="LINE" missed="2" covered="13"/><counter type="COMPLEXITY" missed="1" covered="4"/><counter type="METHOD" missed="0" covered="1"/></method><method name="persistBlob" desc="(Ljava/lang/String;[BLjava/lang/String;J)V" line="157"><counter type="INSTRUCTION" missed="0" covered="25"/><counter type="LINE" missed="0" covered="3"/><counter type="COMPLEXITY" missed="0" covered="1"/><counter type="METHOD" missed="0" covered="1"/></method><method name="loadFromDatabase" desc="(Ljava/lang/String;)Ljava/util/Optional;" line="170"><counter type="INSTRUCTION" missed="0" covered="17"/><counter type="LINE" missed="0" covered="3"/><counter type="COMPLEXITY" missed="0" covered="1"/><counter type="METHOD" missed="0" covered="1"/></method><method name="rehydrateDisk" desc="(Ljava/lang/String;[B)V" line="188"><counter type="INSTRUCTION" missed="7" covered="15"/><counter type="LINE" missed="2" covered="4"/><counter type="COMPLEXITY" missed="0" covered="1"/><counter type="METHOD" missed="0" covered="1"/></method><method name="isSafeKey" desc="(Ljava/lang/String;)Z" line="196"><counter type="INSTRUCTION" missed="0" covered="21"/><counter type="BRANCH" missed="3" covered="7"/><counter type="LINE" missed="0" covered="5"/><counter type="COMPLEXITY" missed="3" covered="3"/><counter type="METHOD" missed="0" covered="1"/></method><method name="sanitize" desc="(Ljava/lang/String;)Ljava/lang/String;" line="204"><counter type="INSTRUCTION" missed="0" covered="12"/><counter type="BRANCH" missed="1" covered="3"/><counter type="LINE" missed="0" covered="3"/><counter type="COMPLEXITY" missed="1" covered="2"/><counter type="METHOD" missed="0" covered="1"/></method><method name="lambda$loadFromDatabase$1" desc="(Ljava/sql/ResultSet;I)Lcom/devicemanager/service/LocalStorageService$StoredObjectBytes;" line="173"><counter type="INSTRUCTION" missed="33" covered="0"/><counter type="BRANCH" missed="6" covered="0"/><counter type="LINE" missed="5" covered="0"/><counter type="COMPLEXITY" missed="4" covered="0"/><counter type="METHOD" missed="1" covered="0"/></method><method name="lambda$load$0" desc="(Ljava/lang/String;Lcom/devicemanager/service/LocalStorageService$StoredObjectBytes;)V" line="149"><counter type="INSTRUCTION" missed="0" covered="6"/><counter type="LINE" missed="0" covered="1"/><counter type="COMPLEXITY" missed="0" covered="1"/><counter type="METHOD" missed="0" covered="1"/></method><method name="&lt;clinit&gt;" desc="()V" line="28"><counter type="INSTRUCTION" missed="0" covered="4"/><counter type="LINE" missed="0" covered="1"/><counter type="COMPLEXITY" missed="0" covered="1"/><counter type="METHOD" missed="0" covered="1"/></method><counter type="INSTRUCTION" missed="72" covered="322"/><counter type="BRANCH" missed="13" covered="19"/><counter type="LINE" missed="18" covered="62"/><counter type="COMPLEXITY" missed="12" covered="18"/><counter type="METHOD" missed="2" covered="12"/><counter type="CLASS" missed="0" covered="1"/></class><class name="com/devicemanager/service/MasService" sourcefilename="MasService.java"><method name="findAll" desc="(Ljava/lang/String;)Ljava/util/List;" line="48"><counter type="INSTRUCTION" missed="9" covered="20"/><counter type="BRANCH" missed="3" covered="1"/><counter type="LINE" missed="0" covered="5"/><counter type="COMPLEXITY" missed="2" covered="1"/><counter type="METHOD" missed="0" covered="1"/></method><method name="findById" desc="(Ljava/lang/Long;)Lcom/devicemanager/dto/MasResponse;" line="64"><counter type="INSTRUCTION" missed="6" covered="0"/><counter type="LINE" missed="1" covered="0"/><counter type="COMPLEXITY" missed="1" covered="0"/><counter type="METHOD" missed="1" covered="0"/></method><method name="listMarques" desc="()Ljava/util/List;" line="74"><counter type="INSTRUCTION" missed="13" covered="0"/><counter type="LINE" missed="4" covered="0"/><counter type="COMPLEXITY" missed="1" covered="0"/><counter type="METHOD" missed="1" covered="0"/></method><method name="createMarque" desc="(Lcom/devicemanager/dto/MarqueMasRequest;)Lcom/devicemanager/dto/MarqueMasResponse;" line="88"><counter type="INSTRUCTION" missed="6" covered="62"/><counter type="BRANCH" missed="1" covered="3"/><counter type="LINE" missed="1" covered="14"/><counter type="COMPLEXITY" missed="1" covered="2"/><counter type="METHOD" missed="0" covered="1"/></method><method name="create" desc="(Lcom/devicemanager/dto/MasRequest;)Lcom/devicemanager/dto/MasResponse;" line="115"><counter type="INSTRUCTION" missed="1" covered="71"/><counter type="BRANCH" missed="1" covered="1"/><counter type="LINE" missed="0" covered="16"/><counter type="COMPLEXITY" missed="1" covered="1"/><counter type="METHOD" missed="0" covered="1"/></method><method name="update" desc="(Ljava/lang/Long;Lcom/devicemanager/dto/MasRequest;)Lcom/devicemanager/dto/MasResponse;" line="143"><counter type="INSTRUCTION" missed="78" covered="0"/><counter type="BRANCH" missed="4" covered="0"/><counter type="LINE" missed="13" covered="0"/><counter type="COMPLEXITY" missed="3" covered="0"/><counter type="METHOD" missed="1" covered="0"/></method><method name="delete" desc="(Ljava/lang/Long;)V" line="165"><counter type="INSTRUCTION" missed="1" covered="37"/><counter type="BRANCH" missed="1" covered="1"/><counter type="LINE" missed="0" covered="6"/><counter type="COMPLEXITY" missed="1" covered="1"/><counter type="METHOD" missed="0" covered="1"/></method><method name="getEntity" desc="(Ljava/lang/Long;)Lcom/devicemanager/entity/Mas;" line="180"><counter type="INSTRUCTION" missed="0" covered="14"/><counter type="LINE" missed="0" covered="3"/><counter type="COMPLEXITY" missed="0" covered="1"/><counter type="METHOD" missed="0" covered="1"/></method><method name="getMarque" desc="(Ljava/lang/Long;)Lcom/devicemanager/entity/MarqueMas;" line="186"><counter type="INSTRUCTION" missed="0" covered="8"/><counter type="LINE" missed="0" covered="2"/><counter type="COMPLEXITY" missed="0" covered="1"/><counter type="METHOD" missed="0" covered="1"/></method><method name="ensureUniqueNumero" desc="(Ljava/lang/String;Ljava/lang/Long;Ljava/lang/Long;)V" line="191"><counter type="INSTRUCTION" missed="6" covered="18"/><counter type="BRANCH" missed="1" covered="3"/><counter type="LINE" missed="0" covered="6"/><counter type="COMPLEXITY" missed="1" covered="2"/><counter type="METHOD" missed="0" covered="1"/></method><method name="toResponse" desc="(Lcom/devicemanager/entity/Mas;)Lcom/devicemanager/dto/MasResponse;" line="200"><counter type="INSTRUCTION" missed="3" covered="33"/><counter type="BRANCH" missed="3" covered="3"/><counter type="LINE" missed="0" covered="9"/><counter type="COMPLEXITY" missed="3" covered="1"/><counter type="METHOD" missed="0" covered="1"/></method><method name="toMarqueResponse" desc="(Lcom/devicemanager/entity/MarqueMas;)Lcom/devicemanager/dto/MarqueMasResponse;" line="212"><counter type="INSTRUCTION" missed="0" covered="15"/><counter type="LINE" missed="0" covered="6"/><counter type="COMPLEXITY" missed="0" covered="1"/><counter type="METHOD" missed="0" covered="1"/></method><method name="toCode" desc="(Ljava/lang/String;)Ljava/lang/String;" line="221"><counter type="INSTRUCTION" missed="5" covered="26"/><counter type="BRANCH" missed="1" covered="3"/><counter type="LINE" missed="0" covered="8"/><counter type="COMPLEXITY" missed="1" covered="2"/><counter type="METHOD" missed="0" covered="1"/></method><method name="lambda$getMarque$1" desc="()Lorg/springframework/web/server/ResponseStatusException;" line="187"><counter type="INSTRUCTION" missed="6" covered="0"/><counter type="LINE" missed="1" covered="0"/><counter type="COMPLEXITY" missed="1" covered="0"/><counter type="METHOD" missed="1" covered="0"/></method><method name="lambda$getEntity$0" desc="()Lorg/springframework/web/server/ResponseStatusException;" line="182"><counter type="INSTRUCTION" missed="0" covered="6"/><counter type="LINE" missed="0" covered="1"/><counter type="COMPLEXITY" missed="0" covered="1"/><counter type="METHOD" missed="0" covered="1"/></method><method name="&lt;clinit&gt;" desc="()V" line="33"><counter type="INSTRUCTION" missed="0" covered="4"/><counter type="LINE" missed="0" covered="1"/><counter type="COMPLEXITY" missed="0" covered="1"/><counter type="METHOD" missed="0" covered="1"/></method><counter type="INSTRUCTION" missed="134" covered="314"/><counter type="BRANCH" missed="15" covered="15"/><counter type="LINE" missed="19" covered="76"/><counter type="COMPLEXITY" missed="16" covered="15"/><counter type="METHOD" missed="4" covered="12"/><counter type="CLASS" missed="0" covered="1"/></class><class name="com/devicemanager/service/AtelierService" sourcefilename="AtelierService.java"><method name="listForUser" desc="(Ljava/lang/String;)Ljava/util/List;" line="77"><counter type="INSTRUCTION" missed="2" covered="39"/><counter type="BRANCH" missed="1" covered="5"/><counter type="LINE" missed="1" covered="10"/><counter type="COMPLEXITY" missed="1" covered="3"/><counter type="METHOD" missed="0" covered="1"/></method><method name="requireAtelierForUserGroupe" desc="(Lcom/devicemanager/entity/User;Ljava/lang/Long;)Lcom/devicemanager/entity/Atelier;" line="104"><counter type="INSTRUCTION" missed="5" covered="0"/><counter type="LINE" missed="1" covered="0"/><counter type="COMPLEXITY" missed="1" covered="0"/><counter type="METHOD" missed="1" covered="0"/></method><method name="listCasinosForUser" desc="(Ljava/lang/String;)Ljava/util/List;" line="114"><counter type="INSTRUCTION" missed="21" covered="0"/><counter type="BRANCH" missed="2" covered="0"/><counter type="LINE" missed="6" covered="0"/><counter type="COMPLEXITY" missed="2" covered="0"/><counter type="METHOD" missed="1" covered="0"/></method><method name="createCasino" desc="(Ljava/lang/String;Lcom/devicemanager/dto/CasinoRequest;)Lcom/devicemanager/dto/CasinoSummary;" line="132"><counter type="INSTRUCTION" missed="74" covered="0"/><counter type="BRANCH" missed="4" covered="0"/><counter type="LINE" missed="14" covered="0"/><counter type="COMPLEXITY" missed="3" covered="0"/><counter type="METHOD" missed="1" covered="0"/></method><method name="updateCasino" desc="(Ljava/lang/String;Ljava/lang/Long;Lcom/devicemanager/dto/CasinoRequest;)Lcom/devicemanager/dto/CasinoSummary;" line="161"><counter type="INSTRUCTION" missed="62" covered="0"/><counter type="BRANCH" missed="2" covered="0"/><counter type="LINE" missed="10" covered="0"/><counter type="COMPLEXITY" missed="2" covered="0"/><counter type="METHOD" missed="1" covered="0"/></method><method name="deleteCasino" desc="(Ljava/lang/String;Ljava/lang/Long;)V" line="182"><counter type="INSTRUCTION" missed="53" covered="0"/><counter type="BRANCH" missed="2" covered="0"/><counter type="LINE" missed="10" covered="0"/><counter type="COMPLEXITY" missed="2" covered="0"/><counter type="METHOD" missed="1" covered="0"/></method><method name="listUsersForGroupe" desc="(Ljava/lang/String;)Ljava/util/List;" line="202"><counter type="INSTRUCTION" missed="21" covered="0"/><counter type="BRANCH" missed="2" covered="0"/><counter type="LINE" missed="6" covered="0"/><counter type="COMPLEXITY" missed="2" covered="0"/><counter type="METHOD" missed="1" covered="0"/></method><method name="requireCurrentAtelier" desc="()Lcom/devicemanager/entity/Atelier;" line="218"><counter type="INSTRUCTION" missed="0" covered="18"/><counter type="BRANCH" missed="0" covered="2"/><counter type="LINE" missed="0" covered="5"/><counter type="COMPLEXITY" missed="0" covered="2"/><counter type="METHOD" missed="0" covered="1"/></method><method name="setPreferredAtelier" desc="(Ljava/lang/String;Ljava/lang/Long;)Lcom/devicemanager/dto/AtelierSummary;" line="236"><counter type="INSTRUCTION" missed="0" covered="32"/><counter type="BRANCH" missed="0" covered="2"/><counter type="LINE" missed="0" covered="7"/><counter type="COMPLEXITY" missed="0" covered="2"/><counter type="METHOD" missed="0" covered="1"/></method><method name="create" desc="(Ljava/lang/String;Lcom/devicemanager/dto/AtelierRequest;)Lcom/devicemanager/dto/AtelierSummary;" line="257"><counter type="INSTRUCTION" missed="0" covered="81"/><counter type="LINE" missed="0" covered="16"/><counter type="COMPLEXITY" missed="0" covered="1"/><counter type="METHOD" missed="0" covered="1"/></method><method name="update" desc="(Ljava/lang/String;Ljava/lang/Long;Lcom/devicemanager/dto/AtelierRequest;)Lcom/devicemanager/dto/AtelierSummary;" line="287"><counter type="INSTRUCTION" missed="81" covered="0"/><counter type="LINE" missed="14" covered="0"/><counter type="COMPLEXITY" missed="1" covered="0"/><counter type="METHOD" missed="1" covered="0"/></method><method name="delete" desc="(Ljava/lang/String;Ljava/lang/Long;)V" line="312"><counter type="INSTRUCTION" missed="0" covered="102"/><counter type="BRANCH" missed="1" covered="3"/><counter type="LINE" missed="0" covered="20"/><counter type="COMPLEXITY" missed="1" covered="2"/><counter type="METHOD" missed="0" covered="1"/></method><method name="toSummary" desc="(Lcom/devicemanager/entity/Atelier;)Lcom/devicemanager/dto/AtelierSummary;" line="347"><counter type="INSTRUCTION" missed="8" covered="94"/><counter type="BRANCH" missed="8" covered="8"/><counter type="LINE" missed="2" covered="21"/><counter type="COMPLEXITY" missed="8" covered="1"/><counter type="METHOD" missed="0" covered="1"/></method><method name="sortedUserDtos" desc="(Ljava/util/List;)Ljava/util/List;" line="373"><counter type="INSTRUCTION" missed="0" covered="6"/><counter type="LINE" missed="0" covered="3"/><counter type="COMPLEXITY" missed="0" covered="1"/><counter type="METHOD" missed="0" covered="1"/></method><method name="toCasinoSummary" desc="(Lcom/devicemanager/entity/Casino;)Lcom/devicemanager/dto/CasinoSummary;" line="391"><counter type="INSTRUCTION" missed="40" covered="0"/><counter type="BRANCH" missed="6" covered="0"/><counter type="LINE" missed="8" covered="0"/><counter type="COMPLEXITY" missed="4" covered="0"/><counter type="METHOD" missed="1" covered="0"/></method><method name="applyCoordonnees" desc="(Lcom/devicemanager/entity/Atelier;Lcom/devicemanager/dto/AtelierRequest;)V" line="402"><counter type="INSTRUCTION" missed="51" covered="184"/><counter type="BRANCH" missed="26" covered="18"/><counter type="LINE" missed="10" covered="49"/><counter type="COMPLEXITY" missed="19" covered="4"/><counter type="METHOD" missed="0" covered="1"/></method><method name="applyResponsables" desc="(Lcom/devicemanager/entity/Atelier;Lcom/devicemanager/entity/User;Ljava/util/List;)V" line="472"><counter type="INSTRUCTION" missed="10" covered="61"/><counter type="BRANCH" missed="5" covered="7"/><counter type="LINE" missed="2" covered="14"/><counter type="COMPLEXITY" missed="5" covered="2"/><counter type="METHOD" missed="0" covered="1"/></method><method name="applyUtilisateursPreferes" desc="(Lcom/devicemanager/entity/Atelier;Lcom/devicemanager/entity/User;Ljava/util/List;)V" line="500"><counter type="INSTRUCTION" missed="15" covered="73"/><counter type="BRANCH" missed="5" covered="7"/><counter type="LINE" missed="5" covered="19"/><counter type="COMPLEXITY" missed="5" covered="2"/><counter type="METHOD" missed="0" covered="1"/></method><method name="ensureSameGroupe" desc="(Lcom/devicemanager/entity/User;Lcom/devicemanager/entity/User;Ljava/lang/String;)V" line="532"><counter type="INSTRUCTION" missed="0" covered="21"/><counter type="BRANCH" missed="2" covered="4"/><counter type="LINE" missed="0" covered="5"/><counter type="COMPLEXITY" missed="2" covered="2"/><counter type="METHOD" missed="0" covered="1"/></method><method name="toCoordonneesDto" desc="(Lcom/devicemanager/entity/coordonnees/Coordonnees;)Lcom/devicemanager/dto/coordonnees/CoordonneesDto;" line="540"><counter type="INSTRUCTION" missed="11" covered="95"/><counter type="BRANCH" missed="8" covered="10"/><counter type="LINE" missed="0" covered="27"/><counter type="COMPLEXITY" missed="8" covered="2"/><counter type="METHOD" missed="0" covered="1"/></method><method name="toResponsableDto" desc="(Lcom/devicemanager/entity/User;)Lcom/devicemanager/dto/AtelierResponsableDto;" line="590"><counter type="INSTRUCTION" missed="0" covered="18"/><counter type="LINE" missed="0" covered="7"/><counter type="COMPLEXITY" missed="0" covered="1"/><counter type="METHOD" missed="0" covered="1"/></method><method name="requireAtelierInUserGroupe" desc="(Lcom/devicemanager/entity/User;Ljava/lang/Long;)Lcom/devicemanager/entity/Atelier;" line="600"><counter type="INSTRUCTION" missed="0" covered="15"/><counter type="LINE" missed="0" covered="4"/><counter type="COMPLEXITY" missed="0" covered="1"/><counter type="METHOD" missed="0" covered="1"/></method><method name="requireCasinoInUserGroupe" desc="(Lcom/devicemanager/entity/User;Ljava/lang/Long;)Lcom/devicemanager/entity/Casino;" line="607"><counter type="INSTRUCTION" missed="0" covered="14"/><counter type="LINE" missed="0" covered="4"/><counter type="COMPLEXITY" missed="0" covered="1"/><counter type="METHOD" missed="0" covered="1"/></method><method name="assertSameGroupe" desc="(Lcom/devicemanager/entity/User;Lcom/devicemanager/entity/Casino;)V" line="614"><counter type="INSTRUCTION" missed="0" covered="23"/><counter type="BRANCH" missed="3" covered="5"/><counter type="LINE" missed="0" covered="5"/><counter type="COMPLEXITY" missed="3" covered="2"/><counter type="METHOD" missed="0" covered="1"/></method><method name="ensureUniqueNom" desc="(Ljava/lang/String;Ljava/lang/Long;Ljava/lang/Long;)V" line="623"><counter type="INSTRUCTION" missed="15" covered="13"/><counter type="BRANCH" missed="2" covered="2"/><counter type="LINE" missed="3" covered="5"/><counter type="COMPLEXITY" missed="2" covered="1"/><counter type="METHOD" missed="0" covered="1"/></method><method name="normalizeNom" desc="(Ljava/lang/String;)Ljava/lang/String;" line="634"><counter type="INSTRUCTION" missed="6" covered="8"/><counter type="BRANCH" missed="2" covered="2"/><counter type="LINE" missed="1" covered="2"/><counter type="COMPLEXITY" missed="2" covered="1"/><counter type="METHOD" missed="0" covered="1"/></method><method name="hasText" desc="(Ljava/lang/String;)Z" line="641"><counter type="INSTRUCTION" missed="1" covered="8"/><counter type="BRANCH" missed="2" covered="2"/><counter type="LINE" missed="0" covered="1"/><counter type="COMPLEXITY" missed="2" covered="1"/><counter type="METHOD" missed="0" covered="1"/></method><method name="trimToNull" desc="(Ljava/lang/String;)Ljava/lang/String;" line="645"><counter type="INSTRUCTION" missed="2" covered="12"/><counter type="BRANCH" missed="1" covered="3"/><counter type="LINE" missed="0" covered="4"/><counter type="COMPLEXITY" missed="1" covered="2"/><counter type="METHOD" missed="0" covered="1"/></method><method name="requireUser" desc="(Ljava/lang/String;)Lcom/devicemanager/entity/User;" line="653"><counter type="INSTRUCTION" missed="0" covered="8"/><counter type="LINE" missed="0" covered="2"/><counter type="COMPLEXITY" missed="0" covered="1"/><counter type="METHOD" missed="0" covered="1"/></method><method name="isTechnicien" desc="(Ljava/lang/String;)Z" line="658"><counter type="INSTRUCTION" missed="0" covered="12"/><counter type="BRANCH" missed="1" covered="3"/><counter type="LINE" missed="0" covered="1"/><counter type="COMPLEXITY" missed="1" covered="2"/><counter type="METHOD" missed="0" covered="1"/></method><method name="lambda$requireUser$13" desc="()Lorg/springframework/web/server/ResponseStatusException;" line="654"><counter type="INSTRUCTION" missed="0" covered="6"/><counter type="LINE" missed="0" covered="1"/><counter type="COMPLEXITY" missed="0" covered="1"/><counter type="METHOD" missed="0" covered="1"/></method><method name="lambda$ensureUniqueNom$12" desc="(Ljava/lang/Long;Lcom/devicemanager/entity/Atelier;)Z" line="626"><counter type="INSTRUCTION" missed="9" covered="0"/><counter type="BRANCH" missed="2" covered="0"/><counter type="LINE" missed="1" covered="0"/><counter type="COMPLEXITY" missed="2" covered="0"/><counter type="METHOD" missed="1" covered="0"/></method><method name="lambda$requireCasinoInUserGroupe$11" desc="()Lorg/springframework/web/server/ResponseStatusException;" line="608"><counter type="INSTRUCTION" missed="6" covered="0"/><counter type="LINE" missed="1" covered="0"/><counter type="COMPLEXITY" missed="1" covered="0"/><counter type="METHOD" missed="1" covered="0"/></method><method name="lambda$requireAtelierInUserGroupe$10" desc="()Lorg/springframework/web/server/ResponseStatusException;" line="601"><counter type="INSTRUCTION" missed="0" covered="6"/><counter type="LINE" missed="0" covered="1"/><counter type="COMPLEXITY" missed="0" covered="1"/><counter type="METHOD" missed="0" covered="1"/></method><method name="lambda$toCoordonneesDto$9" desc="(Lcom/devicemanager/entity/coordonnees/ReseauSocial;)Lcom/devicemanager/dto/coordonnees/ReseauSocialDto;" line="579"><counter type="INSTRUCTION" missed="18" covered="0"/><counter type="LINE" missed="5" covered="0"/><counter type="COMPLEXITY" missed="1" covered="0"/><counter type="METHOD" missed="1" covered="0"/></method><method name="lambda$toCoordonneesDto$8" desc="(Lcom/devicemanager/entity/coordonnees/TelephoneCoord;)Lcom/devicemanager/dto/coordonnees/TelephoneCoordDto;" line="569"><counter type="INSTRUCTION" missed="0" covered="22"/><counter type="LINE" missed="0" covered="6"/><counter type="COMPLEXITY" missed="0" covered="1"/><counter type="METHOD" missed="0" covered="1"/></method><method name="lambda$toCoordonneesDto$7" desc="(Lcom/devicemanager/entity/coordonnees/EmailCoord;)Lcom/devicemanager/dto/coordonnees/EmailCoordDto;" line="560"><counter type="INSTRUCTION" missed="0" covered="18"/><counter type="LINE" missed="0" covered="5"/><counter type="COMPLEXITY" missed="0" covered="1"/><counter type="METHOD" missed="0" covered="1"/></method><method name="lambda$applyUtilisateursPreferes$6" desc="(Lcom/devicemanager/entity/User;)V" line="511"><counter type="INSTRUCTION" missed="4" covered="0"/><counter type="LINE" missed="1" covered="0"/><counter type="COMPLEXITY" missed="1" covered="0"/><counter type="METHOD" missed="1" covered="0"/></method><method name="lambda$applyUtilisateursPreferes$5" desc="(Ljava/util/Set;Lcom/devicemanager/entity/User;)Z" line="510"><counter type="INSTRUCTION" missed="2" covered="7"/><counter type="BRANCH" missed="1" covered="1"/><counter type="LINE" missed="0" covered="1"/><counter type="COMPLEXITY" missed="1" covered="1"/><counter type="METHOD" missed="0" covered="1"/></method><method name="lambda$applyCoordonnees$4" desc="(Lcom/devicemanager/dto/coordonnees/TelephoneCoordDto;)Z" line="442"><counter type="INSTRUCTION" missed="1" covered="12"/><counter type="BRANCH" missed="3" covered="3"/><counter type="LINE" missed="0" covered="1"/><counter type="COMPLEXITY" missed="3" covered="1"/><counter type="METHOD" missed="0" covered="1"/></method><method name="lambda$applyCoordonnees$3" desc="(Lcom/devicemanager/dto/coordonnees/EmailCoordDto;)Z" line="426"><counter type="INSTRUCTION" missed="1" covered="12"/><counter type="BRANCH" missed="3" covered="3"/><counter type="LINE" missed="0" covered="1"/><counter type="COMPLEXITY" missed="3" covered="1"/><counter type="METHOD" missed="0" covered="1"/></method><method name="lambda$sortedUserDtos$2" desc="(Lcom/devicemanager/dto/AtelierResponsableDto;Lcom/devicemanager/dto/AtelierResponsableDto;)I" line="375"><counter type="INSTRUCTION" missed="60" covered="0"/><counter type="BRANCH" missed="16" covered="0"/><counter type="LINE" missed="9" covered="0"/><counter type="COMPLEXITY" missed="9" covered="0"/><counter type="METHOD" missed="1" covered="0"/></method><method name="lambda$delete$1" desc="()Lorg/springframework/web/server/ResponseStatusException;" line="330"><counter type="INSTRUCTION" missed="6" covered="0"/><counter type="LINE" missed="1" covered="0"/><counter type="COMPLEXITY" missed="1" covered="0"/><counter type="METHOD" missed="1" covered="0"/></method><method name="lambda$requireCurrentAtelier$0" desc="()Lorg/springframework/web/server/ResponseStatusException;" line="223"><counter type="INSTRUCTION" missed="6" covered="0"/><counter type="LINE" missed="1" covered="0"/><counter type="COMPLEXITY" missed="1" covered="0"/><counter type="METHOD" missed="1" covered="0"/></method><method name="&lt;clinit&gt;" desc="()V" line="57"><counter type="INSTRUCTION" missed="0" covered="4"/><counter type="LINE" missed="0" covered="1"/><counter type="COMPLEXITY" missed="0" covered="1"/><counter type="METHOD" missed="0" covered="1"/></method><counter type="INSTRUCTION" missed="591" covered="1024"/><counter type="BRANCH" missed="110" covered="90"/><counter type="LINE" missed="107" covered="243"/><counter type="COMPLEXITY" missed="100" covered="45"/><counter type="METHOD" missed="15" covered="30"/><counter type="CLASS" missed="0" covered="1"/></class><class name="com/devicemanager/service/ImageOptimizationService$OptimizedMultipartFile" sourcefilename="ImageOptimizationService.java"><method name="&lt;init&gt;" desc="(Ljava/lang/String;Ljava/lang/String;Ljava/lang/String;[B)V" line="175"><counter type="INSTRUCTION" missed="0" covered="18"/><counter type="LINE" missed="0" covered="6"/><counter type="COMPLEXITY" missed="0" covered="1"/><counter type="METHOD" missed="0" covered="1"/></method><method name="getName" desc="()Ljava/lang/String;" line="184"><counter type="INSTRUCTION" missed="3" covered="0"/><counter type="LINE" missed="1" covered="0"/><counter type="COMPLEXITY" missed="1" covered="0"/><counter type="METHOD" missed="1" covered="0"/></method><method name="getOriginalFilename" desc="()Ljava/lang/String;" line="189"><counter type="INSTRUCTION" missed="0" covered="3"/><counter type="LINE" missed="0" covered="1"/><counter type="COMPLEXITY" missed="0" covered="1"/><counter type="METHOD" missed="0" covered="1"/></method><method name="getContentType" desc="()Ljava/lang/String;" line="194"><counter type="INSTRUCTION" missed="0" covered="3"/><counter type="LINE" missed="0" covered="1"/><counter type="COMPLEXITY" missed="0" covered="1"/><counter type="METHOD" missed="0" covered="1"/></method><method name="isEmpty" desc="()Z" line="199"><counter type="INSTRUCTION" missed="8" covered="0"/><counter type="BRANCH" missed="2" covered="0"/><counter type="LINE" missed="1" covered="0"/><counter type="COMPLEXITY" missed="2" covered="0"/><counter type="METHOD" missed="1" covered="0"/></method><method name="getSize" desc="()J" line="204"><counter type="INSTRUCTION" missed="0" covered="5"/><counter type="LINE" missed="0" covered="1"/><counter type="COMPLEXITY" missed="0" covered="1"/><counter type="METHOD" missed="0" covered="1"/></method><method name="getBytes" desc="()[B" line="209"><counter type="INSTRUCTION" missed="7" covered="0"/><counter type="LINE" missed="1" covered="0"/><counter type="COMPLEXITY" missed="1" covered="0"/><counter type="METHOD" missed="1" covered="0"/></method><method name="getInputStream" desc="()Ljava/io/InputStream;" line="214"><counter type="INSTRUCTION" missed="0" covered="6"/><counter type="LINE" missed="0" covered="1"/><counter type="COMPLEXITY" missed="0" covered="1"/><counter type="METHOD" missed="0" covered="1"/></method><method name="transferTo" desc="(Ljava/io/File;)V" line="219"><counter type="INSTRUCTION" missed="9" covered="0"/><counter type="LINE" missed="2" covered="0"/><counter type="COMPLEXITY" missed="1" covered="0"/><counter type="METHOD" missed="1" covered="0"/></method><counter type="INSTRUCTION" missed="27" covered="35"/><counter type="BRANCH" missed="2" covered="0"/><counter type="LINE" missed="5" covered="10"/><counter type="COMPLEXITY" missed="5" covered="5"/><counter type="METHOD" missed="4" covered="5"/><counter type="CLASS" missed="0" covered="1"/></class><class name="com/devicemanager/service/S3StorageService" sourcefilename="S3StorageService.java"><method name="&lt;init&gt;" desc="(Lsoftware/amazon/awssdk/services/s3/S3Client;Ljava/lang/String;Ljava/lang/String;)V" line="37"><counter type="INSTRUCTION" missed="12" covered="0"/><counter type="LINE" missed="5" covered="0"/><counter type="COMPLEXITY" missed="1" covered="0"/><counter type="METHOD" missed="1" covered="0"/></method><method name="store" desc="(Lorg/springframework/web/multipart/MultipartFile;)Lcom/devicemanager/service/StorageService$StoredObject;" line="52"><counter type="INSTRUCTION" missed="52" covered="0"/><counter type="LINE" missed="11" covered="0"/><counter type="COMPLEXITY" missed="1" covered="0"/><counter type="METHOD" missed="1" covered="0"/></method><method name="delete" desc="(Ljava/lang/String;)V" line="74"><counter type="INSTRUCTION" missed="13" covered="0"/><counter type="LINE" missed="2" covered="0"/><counter type="COMPLEXITY" missed="1" covered="0"/><counter type="METHOD" missed="1" covered="0"/></method><method name="sanitize" desc="(Ljava/lang/String;)Ljava/lang/String;" line="78"><counter type="INSTRUCTION" missed="12" covered="0"/><counter type="BRANCH" missed="4" covered="0"/><counter type="LINE" missed="3" covered="0"/><counter type="COMPLEXITY" missed="3" covered="0"/><counter type="METHOD" missed="1" covered="0"/></method><counter type="INSTRUCTION" missed="89" covered="0"/><counter type="BRANCH" missed="4" covered="0"/><counter type="LINE" missed="21" covered="0"/><counter type="COMPLEXITY" missed="6" covered="0"/><counter type="METHOD" missed="4" covered="0"/><counter type="CLASS" missed="1" covered="0"/></class><class name="com/devicemanager/service/InterventionService" sourcefilename="InterventionService.java"><method name="create" desc="(Lcom/devicemanager/dto/InterventionRequest;Ljava/lang/String;)Lcom/devicemanager/dto/InterventionResponse;" line="46"><counter type="INSTRUCTION" missed="6" covered="216"/><counter type="BRANCH" missed="1" covered="5"/><counter type="LINE" missed="1" covered="47"/><counter type="COMPLEXITY" missed="1" covered="3"/><counter type="METHOD" missed="0" covered="1"/></method><method name="findAll" desc="()Ljava/util/List;" line="108"><counter type="INSTRUCTION" missed="15" covered="0"/><counter type="LINE" missed="4" covered="0"/><counter type="COMPLEXITY" missed="1" covered="0"/><counter type="METHOD" missed="1" covered="0"/></method><method name="findById" desc="(Ljava/lang/Long;)Lcom/devicemanager/dto/InterventionResponse;" line="116"><counter type="INSTRUCTION" missed="18" covered="0"/><counter type="LINE" missed="4" covered="0"/><counter type="COMPLEXITY" missed="1" covered="0"/><counter type="METHOD" missed="1" covered="0"/></method><method name="mergeQuantities" desc="(Ljava/util/List;)Ljava/util/Map;" line="124"><counter type="INSTRUCTION" missed="9" covered="44"/><counter type="BRANCH" missed="5" covered="7"/><counter type="LINE" missed="3" covered="9"/><counter type="COMPLEXITY" missed="5" covered="2"/><counter type="METHOD" missed="0" covered="1"/></method><method name="nextNumero" desc="(Ljava/lang/Long;Ljava/time/LocalDateTime;)Ljava/lang/String;" line="143"><counter type="INSTRUCTION" missed="2" covered="33"/><counter type="BRANCH" missed="1" covered="1"/><counter type="LINE" missed="0" covered="3"/><counter type="COMPLEXITY" missed="1" covered="1"/><counter type="METHOD" missed="0" covered="1"/></method><method name="displayName" desc="(Lcom/devicemanager/entity/User;)Ljava/lang/String;" line="149"><counter type="INSTRUCTION" missed="7" covered="20"/><counter type="BRANCH" missed="3" covered="3"/><counter type="LINE" missed="0" covered="3"/><counter type="COMPLEXITY" missed="3" covered="1"/><counter type="METHOD" missed="0" covered="1"/></method><method name="trimToNull" desc="(Ljava/lang/String;)Ljava/lang/String;" line="155"><counter type="INSTRUCTION" missed="0" covered="10"/><counter type="BRANCH" missed="1" covered="3"/><counter type="LINE" missed="0" covered="3"/><counter type="COMPLEXITY" missed="1" covered="2"/><counter type="METHOD" missed="0" covered="1"/></method><method name="toResponse" desc="(Lcom/devicemanager/entity/Intervention;)Lcom/devicemanager/dto/InterventionResponse;" line="162"><counter type="INSTRUCTION" missed="0" covered="59"/><counter type="LINE" missed="0" covered="21"/><counter type="COMPLEXITY" missed="0" covered="1"/><counter type="METHOD" missed="0" covered="1"/></method><method name="lambda$toResponse$4" desc="(Lcom/devicemanager/dto/InterventionLineResponse;)I" line="181"><counter type="INSTRUCTION" missed="2" covered="7"/><counter type="BRANCH" missed="1" covered="1"/><counter type="LINE" missed="0" covered="1"/><counter type="COMPLEXITY" missed="1" covered="1"/><counter type="METHOD" missed="0" covered="1"/></method><method name="lambda$toResponse$3" desc="(Lcom/devicemanager/entity/InterventionLigne;)Lcom/devicemanager/dto/InterventionLineResponse;" line="165"><counter type="INSTRUCTION" missed="2" covered="41"/><counter type="BRANCH" missed="3" covered="3"/><counter type="LINE" missed="0" covered="13"/><counter type="COMPLEXITY" missed="3" covered="1"/><counter type="METHOD" missed="0" covered="1"/></method><method name="lambda$findById$2" desc="()Lorg/springframework/web/server/ResponseStatusException;" line="118"><counter type="INSTRUCTION" missed="6" covered="0"/><counter type="LINE" missed="1" covered="0"/><counter type="COMPLEXITY" missed="1" covered="0"/><counter type="METHOD" missed="1" covered="0"/></method><method name="lambda$create$1" desc="()Lorg/springframework/web/server/ResponseStatusException;" line="74"><counter type="INSTRUCTION" missed="6" covered="0"/><counter type="LINE" missed="1" covered="0"/><counter type="COMPLEXITY" missed="1" covered="0"/><counter type="METHOD" missed="1" covered="0"/></method><method name="lambda$create$0" desc="()Lorg/springframework/web/server/ResponseStatusException;" line="47"><counter type="INSTRUCTION" missed="6" covered="0"/><counter type="LINE" missed="1" covered="0"/><counter type="COMPLEXITY" missed="1" covered="0"/><counter type="METHOD" missed="1" covered="0"/></method><method name="&lt;clinit&gt;" desc="()V" line="34"><counter type="INSTRUCTION" missed="0" covered="4"/><counter type="LINE" missed="0" covered="1"/><counter type="COMPLEXITY" missed="0" covered="1"/><counter type="METHOD" missed="0" covered="1"/></method><counter type="INSTRUCTION" missed="79" covered="434"/><counter type="BRANCH" missed="15" covered="23"/><counter type="LINE" missed="12" covered="100"/><counter type="COMPLEXITY" missed="20" covered="13"/><counter type="METHOD" missed="5" covered="9"/><counter type="CLASS" missed="0" covered="1"/></class><class name="com/devicemanager/service/WebEnrichmentService" sourcefilename="WebEnrichmentService.java"><method name="gatherContext" desc="([Ljava/lang/String;)Ljava/lang/String;" line="45"><counter type="INSTRUCTION" missed="78" covered="0"/><counter type="BRANCH" missed="8" covered="0"/><counter type="LINE" missed="22" covered="0"/><counter type="COMPLEXITY" missed="5" covered="0"/><counter type="METHOD" missed="1" covered="0"/></method><method name="buildQuery" desc="([Ljava/lang/String;)Ljava/lang/String;" line="75"><counter type="INSTRUCTION" missed="36" covered="0"/><counter type="BRANCH" missed="8" covered="0"/><counter type="LINE" missed="6" covered="0"/><counter type="COMPLEXITY" missed="5" covered="0"/><counter type="METHOD" missed="1" covered="0"/></method><method name="searchWikipedia" desc="(Ljava/lang/String;)Ljava/util/List;" line="87"><counter type="INSTRUCTION" missed="105" covered="0"/><counter type="BRANCH" missed="16" covered="0"/><counter type="LINE" missed="22" covered="0"/><counter type="COMPLEXITY" missed="9" covered="0"/><counter type="METHOD" missed="1" covered="0"/></method><method name="searchDuckDuckGo" desc="(Ljava/lang/String;)Ljava/util/List;" line="117"><counter type="INSTRUCTION" missed="119" covered="0"/><counter type="BRANCH" missed="20" covered="0"/><counter type="LINE" missed="26" covered="0"/><counter type="COMPLEXITY" missed="11" covered="0"/><counter type="METHOD" missed="1" covered="0"/></method><method name="&lt;clinit&gt;" desc="()V" line="29"><counter type="INSTRUCTION" missed="0" covered="4"/><counter type="LINE" missed="0" covered="1"/><counter type="COMPLEXITY" missed="0" covered="1"/><counter type="METHOD" missed="0" covered="1"/></method><counter type="INSTRUCTION" missed="338" covered="4"/><counter type="BRANCH" missed="52" covered="0"/><counter type="LINE" missed="76" covered="1"/><counter type="COMPLEXITY" missed="30" covered="1"/><counter type="METHOD" missed="4" covered="1"/><counter type="CLASS" missed="0" covered="1"/></class><class name="com/devicemanager/service/AiAssistantService" sourcefilename="AiAssistantService.java"><method name="isEnabled" desc="()Z" line="55"><counter type="INSTRUCTION" missed="1" covered="19"/><counter type="BRANCH" missed="1" covered="3"/><counter type="LINE" missed="0" covered="4"/><counter type="COMPLEXITY" missed="1" covered="2"/><counter type="METHOD" missed="0" covered="1"/></method><method name="status" desc="()Lcom/devicemanager/dto/AiChatResponse;" line="68"><counter type="INSTRUCTION" missed="9" covered="55"/><counter type="BRANCH" missed="6" covered="8"/><counter type="LINE" missed="3" covered="15"/><counter type="COMPLEXITY" missed="5" covered="3"/><counter type="METHOD" missed="0" covered="1"/></method><method name="listProviderAvailability" desc="()Ljava/util/List;" line="96"><counter type="INSTRUCTION" missed="0" covered="7"/><counter type="LINE" missed="0" covered="3"/><counter type="COMPLEXITY" missed="0" covered="1"/><counter type="METHOD" missed="0" covered="1"/></method><method name="chat" desc="(Ljava/lang/String;)Lcom/devicemanager/dto/AiChatResponse;" line="117"><counter type="INSTRUCTION" missed="60" covered="5"/><counter type="BRANCH" missed="4" covered="0"/><counter type="LINE" missed="17" covered="2"/><counter type="COMPLEXITY" missed="2" covered="1"/><counter type="METHOD" missed="0" covered="1"/></method><method name="scanLabel" desc="(Lorg/springframework/web/multipart/MultipartFile;)Lcom/devicemanager/dto/AiLabelScanResponse;" line="150"><counter type="INSTRUCTION" missed="163" covered="0"/><counter type="BRANCH" missed="8" covered="0"/><counter type="LINE" missed="41" covered="0"/><counter type="COMPLEXITY" missed="5" covered="0"/><counter type="METHOD" missed="1" covered="0"/></method><method name="friendlyAiError" desc="(Ljava/lang/String;Ljava/lang/Exception;)Ljava/lang/String;" line="209"><counter type="INSTRUCTION" missed="33" covered="0"/><counter type="BRANCH" missed="12" covered="0"/><counter type="LINE" missed="9" covered="0"/><counter type="COMPLEXITY" missed="7" covered="0"/><counter type="METHOD" missed="1" covered="0"/></method><method name="exceptionChain" desc="(Ljava/lang/Throwable;)Ljava/lang/String;" line="223"><counter type="INSTRUCTION" missed="38" covered="0"/><counter type="BRANCH" missed="6" covered="0"/><counter type="LINE" missed="8" covered="0"/><counter type="COMPLEXITY" missed="4" covered="0"/><counter type="METHOD" missed="1" covered="0"/></method><method name="generateUsage" desc="(Ljava/lang/String;Ljava/lang/String;Ljava/lang/String;Ljava/lang/String;Ljava/lang/String;Ljava/lang/String;Ljava/lang/String;Ljava/lang/String;Ljava/lang/String;)Ljava/lang/String;" line="246"><counter type="INSTRUCTION" missed="49" covered="0"/><counter type="BRANCH" missed="6" covered="0"/><counter type="LINE" missed="14" covered="0"/><counter type="COMPLEXITY" missed="4" covered="0"/><counter type="METHOD" missed="1" covered="0"/></method><method name="requireEnabled" desc="()V" line="272"><counter type="INSTRUCTION" missed="0" covered="13"/><counter type="BRANCH" missed="0" covered="2"/><counter type="LINE" missed="0" covered="3"/><counter type="COMPLEXITY" missed="0" covered="2"/><counter type="METHOD" missed="0" covered="1"/></method><method name="requireApiKey" desc="(Ljava/lang/String;)Ljava/lang/String;" line="279"><counter type="INSTRUCTION" missed="2" covered="13"/><counter type="BRANCH" missed="1" covered="1"/><counter type="LINE" missed="1" covered="3"/><counter type="COMPLEXITY" missed="1" covered="1"/><counter type="METHOD" missed="0" covered="1"/></method><method name="resolveApiKey" desc="(Ljava/lang/String;)Ljava/lang/String;" line="289"><counter type="INSTRUCTION" missed="0" covered="5"/><counter type="LINE" missed="0" covered="1"/><counter type="COMPLEXITY" missed="0" covered="1"/><counter type="METHOD" missed="0" covered="1"/></method><method name="resolveProviderId" desc="()Ljava/lang/String;" line="293"><counter type="INSTRUCTION" missed="0" covered="7"/><counter type="LINE" missed="0" covered="1"/><counter type="COMPLEXITY" missed="0" covered="1"/><counter type="METHOD" missed="0" covered="1"/></method><method name="systemPrompt" desc="()Ljava/lang/String;" line="297"><counter type="INSTRUCTION" missed="8" covered="0"/><counter type="LINE" missed="2" covered="0"/><counter type="COMPLEXITY" missed="1" covered="0"/><counter type="METHOD" missed="1" covered="0"/></method><method name="labelExtractPrompt" desc="()Ljava/lang/String;" line="303"><counter type="INSTRUCTION" missed="8" covered="0"/><counter type="LINE" missed="2" covered="0"/><counter type="COMPLEXITY" missed="1" covered="0"/><counter type="METHOD" missed="1" covered="0"/></method><method name="usagePromptTemplate" desc="()Ljava/lang/String;" line="309"><counter type="INSTRUCTION" missed="8" covered="0"/><counter type="LINE" missed="2" covered="0"/><counter type="COMPLEXITY" missed="1" covered="0"/><counter type="METHOD" missed="1" covered="0"/></method><method name="applyUsagePlaceholders" desc="(Ljava/lang/String;Ljava/lang/String;Ljava/lang/String;Ljava/lang/String;Ljava/lang/String;Ljava/lang/String;Ljava/lang/String;)Ljava/lang/String;" line="322"><counter type="INSTRUCTION" missed="34" covered="0"/><counter type="BRANCH" missed="4" covered="0"/><counter type="LINE" missed="8" covered="0"/><counter type="COMPLEXITY" missed="3" covered="0"/><counter type="METHOD" missed="1" covered="0"/></method><method name="firstNonBlank" desc="(Ljava/lang/String;Lj
[...]
est;Lcom/devicemanager/entity/User;)V" line="58"><counter type="INSTRUCTION" missed="0" covered="32"/><counter type="BRANCH" missed="1" covered="1"/><counter type="LINE" missed="0" covered="7"/><counter type="COMPLEXITY" missed="1" covered="1"/><counter type="METHOD" missed="0" covered="1"/></method><method name="&lt;clinit&gt;" desc="()V" line="35"><counter type="INSTRUCTION" missed="0" covered="4"/><counter type="LINE" missed="0" covered="1"/><counter type="COMPLEXITY" missed="0" covered="1"/><counter type="METHOD" missed="0" covered="1"/></method><counter type="INSTRUCTION" missed="0" covered="85"/><counter type="BRANCH" missed="4" covered="6"/><counter type="LINE" missed="0" covered="21"/><counter type="COMPLEXITY" missed="4" covered="4"/><counter type="METHOD" missed="0" covered="3"/><counter type="CLASS" missed="0" covered="1"/></class><class name="com/devicemanager/security/Roles" sourcefilename="Roles.java"/><sourcefile name="FileMagicBytesValidator.java"><line nr="20" mi="0" ci="6" mb="2" cb="2"/><line nr="21" mi="6" ci="0" mb="0" cb="0"/><line nr="24" mi="6" ci="6" mb="6" cb="2"/><line nr="25" mi="0" ci="1" mb="0" cb="0"/><line nr="27" mi="6" ci="0" mb="0" cb="0"/><line nr="32" mi="12" ci="7" mb="5" cb="1"/><line nr="36" mi="1" ci="23" mb="4" cb="4"/><line nr="40" mi="19" ci="0" mb="6" cb="0"/><line nr="44" mi="44" ci="0" mb="16" cb="0"/><counter type="INSTRUCTION" missed="94" covered="43"/><counter type="BRANCH" missed="39" covered="9"/><counter type="LINE" missed="4" covered="5"/><counter type="COMPLEXITY" missed="26" covered="3"/><counter type="METHOD" missed="2" covered="3"/><counter type="CLASS" missed="0" covered="1"/></sourcefile><sourcefile name="Roles.java"/><sourcefile name="OrderStatuses.java"><line nr="30" mi="0" ci="12" mb="1" cb="3"/><line nr="37" mi="0" ci="4" mb="0" cb="0"/><line nr="44" mi="0" ci="4" mb="0" cb="0"/><line nr="51" mi="1" ci="9" mb="2" cb="2"/><counter type="INSTRUCTION" missed="1" covered="29"/><counter type="BRANCH" missed="3" covered="5"/><counter type="LINE" missed="0" covered="4"/><counter type="COMPLEXITY" missed="3" covered="5"/><counter type="METHOD" missed="0" covered="4"/><counter type="CLASS" missed="0" covered="1"/></sourcefile><sourcefile name="JwtService.java"><line nr="47" mi="0" ci="2" mb="0" cb="0"/><line nr="48" mi="0" ci="5" mb="2" cb="2"/><line nr="49" mi="5" ci="0" mb="0" cb="0"/><line nr="52" mi="0" ci="4" mb="0" cb="0"/><line nr="53" mi="0" ci="4" mb="1" cb="1"/><line nr="54" mi="7" ci="0" mb="0" cb="0"/><line nr="57" mi="0" ci="4" mb="0" cb="0"/><line nr="58" mi="0" ci="3" mb="0" cb="0"/><line nr="59" mi="0" ci="3" mb="0" cb="0"/><line nr="60" mi="0" ci="3" mb="0" cb="0"/><line nr="61" mi="0" ci="1" mb="0" cb="0"/><line nr="67" mi="0" ci="5" mb="0" cb="0"/><line nr="78" mi="0" ci="4" mb="0" cb="0"/><line nr="79" mi="0" ci="7" mb="0" cb="0"/><line nr="80" mi="0" ci="8" mb="0" cb="0"/><line nr="81" mi="0" ci="3" mb="0" cb="0"/><line nr="82" mi="0" ci="3" mb="0" cb="0"/><line nr="83" mi="0" ci="2" mb="0" cb="0"/><line nr="84" mi="0" ci="2" mb="0" cb="0"/><line nr="85" mi="0" ci="3" mb="0" cb="0"/><line nr="86" mi="0" ci="1" mb="0" cb="0"/><line nr="87" mi="0" ci="1" mb="0" cb="0"/><line nr="96" mi="0" ci="3" mb="0" cb="0"/><line nr="107" mi="0" ci="3" mb="0" cb="0"/><line nr="108" mi="0" ci="6" mb="0" cb="0"/><line nr="109" mi="0" ci="4" mb="0" cb="0"/><line nr="110" mi="1" ci="0" mb="0" cb="0"/><line nr="111" mi="6" ci="0" mb="0" cb="0"/><line nr="122" mi="0" ci="5" mb="0" cb="0"/><line nr="133" mi="0" ci="4" mb="0" cb="0"/><line nr="134" mi="0" ci="16" mb="1" cb="3"/><line nr="143" mi="0" ci="7" mb="0" cb="0"/><line nr="152" mi="3" ci="0" mb="0" cb="0"/><line nr="156" mi="0" ci="4" mb="0" cb="0"/><line nr="157" mi="0" ci="1" mb="0" cb="0"/><line nr="158" mi="0" ci="2" mb="0" cb="0"/><line nr="159" mi="0" ci="1" mb="0" cb="0"/><line nr="160" mi="0" ci="2" mb="0" cb="0"/><counter type="INSTRUCTION" missed="22" covered="126"/><counter type="BRANCH" missed="4" covered="6"/><counter type="LINE" missed="5" covered="33"/><counter type="COMPLEXITY" missed="5" covered="10"/><counter type="METHOD" missed="1" covered="9"/><counter type="CLASS" missed="0" covered="1"/></sourcefile><sourcefile name="JwtAuthenticationFilter.java"><line nr="35" mi="0" ci="4" mb="0" cb="0"/><line nr="47" mi="0" ci="4" mb="0" cb="0"/><line nr="48" mi="0" ci="6" mb="1" cb="3"/><line nr="49" mi="0" ci="4" mb="0" cb="0"/><line nr="50" mi="0" ci="1" mb="0" cb="0"/><line nr="53" mi="0" ci="4" mb="0" cb="0"/><line nr="55" mi="0" ci="5" mb="0" cb="0"/><line nr="56" mi="0" ci="5" mb="2" cb="2"/><line nr="57" mi="0" ci="9" mb="0" cb="0"/><line nr="58" mi="0" ci="7" mb="1" cb="1"/><line nr="59" mi="0" ci="3" mb="0" cb="0"/><line nr="60" mi="0" ci="5" mb="0" cb="0"/><line nr="62" mi="0" ci="6" mb="0" cb="0"/><line nr="63" mi="0" ci="7" mb="0" cb="0"/><line nr="64" mi="0" ci="3" mb="0" cb="0"/><line nr="66" mi="0" ci="1" mb="0" cb="0"/><line nr="68" mi="0" ci="1" mb="0" cb="0"/><line nr="70" mi="0" ci="4" mb="0" cb="0"/><line nr="71" mi="0" ci="1" mb="0" cb="0"/><line nr="73" mi="0" ci="4" mb="0" cb="0"/><line nr="74" mi="0" ci="1" mb="0" cb="0"/><counter type="INSTRUCTION" missed="0" covered="85"/><counter type="BRANCH" missed="4" covered="6"/><counter type="LINE" missed="0" covered="21"/><counter type="COMPLEXITY" missed="4" covered="4"/><counter type="METHOD" missed="0" covered="3"/><counter type="CLASS" missed="0" covered="1"/></sourcefile><sourcefile name="LoginRateLimitFilter.java"><line nr="30" mi="5" ci="0" mb="0" cb="0"/><line nr="33" mi="2" ci="0" mb="0" cb="0"/><line nr="34" mi="5" ci="0" mb="0" cb="0"/><line nr="35" mi="1" ci="0" mb="0" cb="0"/><line nr="39" mi="14" ci="0" mb="4" cb="0"/><line nr="47" mi="3" ci="0" mb="0" cb="0"/><line nr="48" mi="3" ci="0" mb="0" cb="0"/><line nr="49" mi="11" ci="0" mb="0" cb="0"/><line nr="50" mi="4" ci="0" mb="0" cb="0"/><line nr="51" mi="12" ci="0" mb="4" cb="0"/><line nr="52" mi="4" ci="0" mb="0" cb="0"/><line nr="54" mi="5" ci="0" mb="2" cb="0"/><line nr="55" mi="4" ci="0" mb="0" cb="0"/><line nr="56" mi="3" ci="0" mb="0" cb="0"/><line nr="57" mi="4" ci="0" mb="0" cb="0"/><line nr="58" mi="3" ci="0" mb="0" cb="0"/><line nr="60" mi="4" ci="0" mb="0" cb="0"/><line nr="61" mi="3" ci="0" mb="0" cb="0"/><line nr="62" mi="4" ci="0" mb="0" cb="0"/><line nr="63" mi="1" ci="0" mb="0" cb="0"/><line nr="66" mi="4" ci="0" mb="0" cb="0"/><line nr="67" mi="5" ci="0" mb="4" cb="0"/><line nr="68" mi="4" ci="0" mb="0" cb="0"/><line nr="69" mi="10" ci="0" mb="2" cb="0"/><line nr="71" mi="8" ci="0" mb="2" cb="0"/><counter type="INSTRUCTION" missed="126" covered="0"/><counter type="BRANCH" missed="18" covered="0"/><counter type="LINE" missed="25" covered="0"/><counter type="COMPLEXITY" missed="14" covered="0"/><counter type="METHOD" missed="5" covered="0"/><counter type="CLASS" missed="1" covered="0"/></sourcefile><counter type="INSTRUCTION" missed="243" covered="283"/><counter type="BRANCH" missed="68" covered="26"/><counter type="LINE" missed="34" covered="63"/><counter type="COMPLEXITY" missed="52" covered="22"/><counter type="METHOD" missed="8" covered="19"/><counter type="CLASS" missed="1" covered="4"/></package><package name="com/devicemanager/entity/coordonnees"><class name="com/devicemanager/entity/coordonnees/ReseauSocial$ReseauSocialBuilder" sourcefilename="ReseauSocial.java"/><class name="com/devicemanager/entity/coordonnees/AdressePostale$AdressePostaleBuilder" sourcefilename="AdressePostale.java"/><class name="com/devicemanager/entity/coordonnees/ReseauSocial" sourcefilename="ReseauSocial.java"/><class name="com/devicemanager/entity/coordonnees/Coordonnees" sourcefilename="Coordonnees.java"><method name="clearEmails" desc="()V" line="58"><counter type="INSTRUCTION" missed="0" covered="4"/><counter type="LINE" missed="0" covered="2"/><counter type="COMPLEXITY" missed="0" covered="1"/><counter type="METHOD" missed="0" covered="1"/></method><method name="addEmail" desc="(Lcom/devicemanager/entity/coordonnees/EmailCoord;)V" line="62"><counter type="INSTRUCTION" missed="0" covered="9"/><counter type="LINE" missed="0" covered="3"/><counter type="COMPLEXITY" missed="0" covered="1"/><counter type="METHOD" missed="0" covered="1"/></method><method name="clearTelephones" desc="()V" line="67"><counter type="INSTRUCTION" missed="0" covered="4"/><counter type="LINE" missed="0" covered="2"/><counter type="COMPLEXITY" missed="0" covered="1"/><counter type="METHOD" missed="0" covered="1"/></method><method name="addTelephone" desc="(Lcom/devicemanager/entity/coordonnees/TelephoneCoord;)V" line="71"><counter type="INSTRUCTION" missed="0" covered="9"/><counter type="LINE" missed="0" covered="3"/><counter type="COMPLEXITY" missed="0" covered="1"/><counter type="METHOD" missed="0" covered="1"/></method><method name="clearReseauxSociaux" desc="()V" line="76"><counter type="INSTRUCTION" missed="0" covered="4"/><counter type="LINE" missed="0" covered="2"/><counter type="COMPLEXITY" missed="0" covered="1"/><counter type="METHOD" missed="0" covered="1"/></method><method name="addReseauSocial" desc="(Lcom/devicemanager/entity/coordonnees/ReseauSocial;)V" line="80"><counter type="INSTRUCTION" missed="9" covered="0"/><counter type="LINE" missed="3" covered="0"/><counter type="COMPLEXITY" missed="1" covered="0"/><counter type="METHOD" missed="1" covered="0"/></method><counter type="INSTRUCTION" missed="9" covered="30"/><counter type="LINE" missed="3" covered="12"/><counter type="COMPLEXITY" missed="1" covered="5"/><counter type="METHOD" missed="1" covered="5"/><counter type="CLASS" missed="0" covered="1"/></class><class name="com/devicemanager/entity/coordonnees/TypeReseauSocial" sourcefilename="TypeReseauSocial.java"><method name="&lt;clinit&gt;" desc="()V" line="6"><counter type="INSTRUCTION" missed="45" covered="0"/><counter type="LINE" missed="8" covered="0"/><counter type="COMPLEXITY" missed="1" covered="0"/><counter type="METHOD" missed="1" covered="0"/></method><counter type="INSTRUCTION" missed="45" covered="0"/><counter type="LINE" missed="8" covered="0"/><counter type="COMPLEXITY" missed="1" covered="0"/><counter type="METHOD" missed="1" covered="0"/><counter type="CLASS" missed="1" covered="0"/></class><class name="com/devicemanager/entity/coordonnees/AdressePostale" sourcefilename="AdressePostale.java"/><class name="com/devicemanager/entity/coordonnees/EmailCoord$EmailCoordBuilder" sourcefilename="EmailCoord.java"/><class name="com/devicemanager/entity/coordonnees/EmailCoord" sourcefilename="EmailCoord.java"/><class name="com/devicemanager/entity/coordonnees/Coordonnees$CoordonneesBuilder" sourcefilename="Coordonnees.java"/><class name="com/devicemanager/entity/coordonnees/TelephoneCoord" sourcefilename="TelephoneCoord.java"/><class name="com/devicemanager/entity/coordonnees/TelephoneCoord$TelephoneCoordBuilder" sourcefilename="TelephoneCoord.java"/><sourcefile name="AdressePostale.java"/><sourcefile name="EmailCoord.java"/><sourcefile name="ReseauSocial.java"/><sourcefile name="TelephoneCoord.java"/><sourcefile name="TypeReseauSocial.java"><line nr="6" mi="3" ci="0" mb="0" cb="0"/><line nr="7" mi="6" ci="0" mb="0" cb="0"/><line nr="8" mi="6" ci="0" mb="0" cb="0"/><line nr="9" mi="6" ci="0" mb="0" cb="0"/><line nr="10" mi="6" ci="0" mb="0" cb="0"/><line nr="11" mi="6" ci="0" mb="0" cb="0"/><line nr="12" mi="6" ci="0" mb="0" cb="0"/><line nr="13" mi="6" ci="0" mb="0" cb="0"/><counter type="INSTRUCTION" missed="45" covered="0"/><counter type="LINE" missed="8" covered="0"/><counter type="COMPLEXITY" missed="1" covered="0"/><counter type="METHOD" missed="1" covered="0"/><counter type="CLASS" missed="1" covered="0"/></sourcefile><sourcefile name="Coordonnees.java"><line nr="58" mi="0" ci="3" mb="0" cb="0"/><line nr="59" mi="0" ci="1" mb="0" cb="0"/><line nr="62" mi="0" ci="3" mb="0" cb="0"/><line nr="63" mi="0" ci="5" mb="0" cb="0"/><line nr="64" mi="0" ci="1" mb="0" cb="0"/><line nr="67" mi="0" ci="3" mb="0" cb="0"/><line nr="68" mi="0" ci="1" mb="0" cb="0"/><line nr="71" mi="0" ci="3" mb="0" cb="0"/><line nr="72" mi="0" ci="5" mb="0" cb="0"/><line nr="73" mi="0" ci="1" mb="0" cb="0"/><line nr="76" mi="0" ci="3" mb="0" cb="0"/><line nr="77" mi="0" ci="1" mb="0" cb="0"/><line nr="80" mi="3" ci="0" mb="0" cb="0"/><line nr="81" mi="5" ci="0" mb="0" cb="0"/><line nr="82" mi="1" ci="0" mb="0" cb="0"/><counter type="INSTRUCTION" missed="9" covered="30"/><counter type="LINE" missed="3" covered="12"/><counter type="COMPLEXITY" missed="1" covered="5"/><counter type="METHOD" missed="1" covered="5"/><counter type="CLASS" missed="0" covered="1"/></sourcefile><counter type="INSTRUCTION" missed="54" covered="30"/><counter type="LINE" missed="11" covered="12"/><counter type="COMPLEXITY" missed="2" covered="5"/><counter type="METHOD" missed="2" covered="5"/><counter type="CLASS" missed="1" covered="1"/></package><package name="com/devicemanager/tenancy"><class name="com/devicemanager/tenancy/AtelierContext" sourcefilename="AtelierContext.java"><method name="set" desc="(Ljava/lang/Long;)V" line="22"><counter type="INSTRUCTION" missed="0" covered="4"/><counter type="LINE" missed="0" covered="2"/><counter type="COMPLEXITY" missed="0" covered="1"/><counter type="METHOD" missed="0" covered="1"/></method><method name="get" desc="()Ljava/lang/Long;" line="31"><counter type="INSTRUCTION" missed="0" covered="4"/><counter type="LINE" missed="0" covered="1"/><counter type="COMPLEXITY" missed="0" covered="1"/><counter type="METHOD" missed="0" covered="1"/></method><method name="require" desc="()Ljava/lang/Long;" line="41"><counter type="INSTRUCTION" missed="13" covered="0"/><counter type="BRANCH" missed="2" covered="0"/><counter type="LINE" missed="4" covered="0"/><counter type="COMPLEXITY" missed="2" covered="0"/><counter type="METHOD" missed="1" covered="0"/></method><method name="clear" desc="()V" line="50"><counter type="INSTRUCTION" missed="0" covered="3"/><counter type="LINE" missed="0" covered="2"/><counter type="COMPLEXITY" missed="0" covered="1"/><counter type="METHOD" missed="0" covered="1"/></method><method name="&lt;clinit&gt;" desc="()V" line="11"><counter type="INSTRUCTION" missed="0" covered="5"/><counter type="LINE" missed="0" covered="1"/><counter type="COMPLEXITY" missed="0" covered="1"/><counter type="METHOD" missed="0" covered="1"/></method><counter type="INSTRUCTION" missed="13" covered="16"/><counter type="BRANCH" missed="2" covered="0"/><counter type="LINE" missed="4" covered="6"/><counter type="COMPLEXITY" missed="2" covered="4"/><counter type="METHOD" missed="1" covered="4"/><counter type="CLASS" missed="0" covered="1"/></class><class name="com/devicemanager/tenancy/AtelierContextFilter" sourcefilename="AtelierContextFilter.java"><method name="shouldNotFilter" desc="(Ljakarta/servlet/http/HttpServletRequest;)Z" line="50"><counter type="INSTRUCTION" missed="0" covered="15"/><counter type="BRANCH" missed="1" covered="3"/><counter type="LINE" missed="0" covered="2"/><counter type="COMPLEXITY" missed="1" covered="2"/><counter type="METHOD" missed="0" covered="1"/></method><method name="doFilterInternal" desc="(Ljakarta/servlet/http/HttpServletRequest;Ljakarta/servlet/http/HttpServletResponse;Ljakarta/servlet/FilterChain;)V" line="60"><counter type="INSTRUCTION" missed="2" covered="135"/><counter type="BRANCH" missed="9" covered="17"/><counter type="LINE" missed="0" covered="31"/><counter type="COMPLEXITY" missed="9" covered="5"/><counter type="METHOD" missed="0" covered="1"/></method><method name="isTechnicien" desc="(Ljava/lang/String;)Z" line="102"><counter type="INSTRUCTION" missed="0" covered="12"/><counter type="BRANCH" missed="1" covered="3"/><counter type="LINE" missed="0" covered="1"/><counter type="COMPLEXITY" missed="1" covered="2"/><counter type="METHOD" missed="0" covered="1"/></method><method name="lambda$doFilterInternal$1" desc="()Lorg/springframework/web/server/ResponseStatusException;" line="69"><counter type="INSTRUCTION" missed="6" covered="0"/><counter type="LINE" missed="1" covered="0"/><counter type="COMPLEXITY" missed="1" covered="0"/><counter type="METHOD" missed="1" covered="0"/></method><method name="lambda$doFilterInternal$0" desc="()Lorg/springframework/web/server/ResponseStatusException;" line="66"><counter type="INSTRUCTION" missed="6" covered="0"/><counter type="LINE" missed="1" covered="0"/><counter type="COMPLEXITY" missed="1" covered="0"/><counter type="METHOD" missed="1" covered="0"/></method><counter type="INSTRUCTION" missed="14" covered="162"/><counter type="BRANCH" missed="11" covered="23"/><counter type="LINE" missed="0" covered="34"/><counter type="COMPLEXITY" missed="13" covered="9"/><counter type="METHOD" missed="2" covered="3"/><counter type="CLASS" missed="0" covered="1"/></class><sourcefile name="AtelierContext.java"><line nr="11" mi="0" ci="5" mb="0" cb="0"/><line nr="22" mi="0" ci="3" mb="0" cb="0"/><line nr="23" mi="0" ci="1" mb="0" cb="0"/><line nr="31" mi="0" ci="4" mb="0" cb="0"/><line nr="41" mi="4" ci="0" mb="0" cb="0"/><line nr="42" mi="2" ci="0" mb="2" cb="0"/><line nr="43" mi="5" ci="0" mb="0" cb="0"/><line nr="45" mi="2" ci="0" mb="0" cb="0"/><line nr="50" mi="0" ci="2" mb="0" cb="0"/><line nr="51" mi="0" ci="1" mb="0" cb="0"/><counter type="INSTRUCTION" missed="13" covered="16"/><counter type="BRANCH" missed="2" covered="0"/><counter type="LINE" missed="4" covered="6"/><counter type="COMPLEXITY" missed="2" covered="4"/><counter type="METHOD" missed="1" covered="4"/><counter type="CLASS" missed="0" covered="1"/></sourcefile><sourcefile name="AtelierContextFilter.java"><line nr="50" mi="0" ci="3" mb="0" cb="0"/><line nr="51" mi="0" ci="12" mb="1" cb="3"/><line nr="60" mi="0" ci="3" mb="0" cb="0"/><line nr="61" mi="0" ci="14" mb="3" cb="3"/><line nr="62" mi="0" ci="4" mb="0" cb="0"/><line nr="63" mi="0" ci="5" mb="1" cb="3"/><line nr="64" mi="0" ci="5" mb="0" cb="0"/><line nr="65" mi="0" ci="5" mb="0" cb="0"/><line nr="66" mi="6" ci="3" mb="0" cb="0"/><line nr="68" mi="0" ci="5" mb="0" cb="0"/><line nr="69" mi="6" ci="3" mb="0" cb="0"/><line nr="70" mi="0" ci="4" mb="1" cb="1"/><line nr="71" mi="0" ci="3" mb="1" cb="1"/><line nr="72" mi="0" ci="4" mb="1" cb="1"/><line nr="73" mi="0" ci="8" mb="0" cb="2"/><line nr="74" mi="0" ci="6" mb="0" cb="0"/><line nr="76" mi="0" ci="4" mb="0" cb="2"/><line nr="77" mi="0" ci="3" mb="0" cb="0"/><line nr="78" mi="0" ci="7" mb="1" cb="3"/><line nr="79" mi="0" ci="6" mb="0" cb="0"/><line nr="83" mi="0" ci="2" mb="0" cb="0"/><line nr="86" mi="0" ci="4" mb="0" cb="0"/><line nr="87" mi="0" ci="1" mb="0" cb="0"/><line nr="88" mi="0" ci="5" mb="0" cb="0"/><line nr="89" mi="0" ci="3" mb="0" cb="0"/><line nr="90" mi="2" ci="6" mb="1" cb="1"/><line nr="91" mi="0" ci="8" mb="0" cb="0"/><line nr="92" mi="0" ci="1" mb="0" cb="0"/><line nr="93" mi="0" ci="4" mb="0" cb="0"/><line nr="94" mi="0" ci="3" mb="0" cb="0"/><line nr="95" mi="0" ci="4" mb="0" cb="0"/><line nr="97" mi="0" ci="1" mb="0" cb="0"/><line nr="99" mi="0" ci="1" mb="0" cb="0"/><line nr="102" mi="0" ci="12" mb="1" cb="3"/><counter type="INSTRUCTION" missed="14" covered="162"/><counter type="BRANCH" missed="11" covered="23"/><counter type="LINE" missed="0" covered="34"/><counter type="COMPLEXITY" missed="13" covered="9"/><counter type="METHOD" missed="2" covered="3"/><counter type="CLASS" missed="0" covered="1"/></sourcefile><counter type="INSTRUCTION" missed="27" covered="178"/><counter type="BRANCH" missed="13" covered="23"/><counter type="LINE" missed="4" covered="40"/><counter type="COMPLEXITY" missed="15" covered="13"/><counter type="METHOD" missed="3" covered="7"/><counter type="CLASS" missed="0" covered="2"/></package><counter type="INSTRUCTION" missed="5544" covered="6968"/><counter type="BRANCH" missed="939" covered="538"/><counter type="LINE" missed="1150" covered="1537"/><counter type="COMPLEXITY" missed="778" covered="359"/><counter type="METHOD" missed="143" covered="246"/><counter type="CLASS" missed="9" covered="32"/></report>